{"C:\\Users\\Vishal\\Documents\\BridgeLabz\\fundooNotes\\fundooNotes\\src\\index.ts":{"path":"C:\\Users\\Vishal\\Documents\\BridgeLabz\\fundooNotes\\fundooNotes\\src\\index.ts","statementMap":{"0":{"start":{"line":2,"column":22},"end":{"line":4,"column":1}},"1":{"start":{"line":3,"column":4},"end":{"line":3,"column":62}},"2":{"start":{"line":5,"column":0},"end":{"line":5,"column":62}},"3":{"start":{"line":6,"column":17},"end":{"line":6,"column":51}},"4":{"start":{"line":7,"column":0},"end":{"line":7,"column":26}},"5":{"start":{"line":8,"column":18},"end":{"line":8,"column":53}},"6":{"start":{"line":9,"column":15},"end":{"line":9,"column":47}},"7":{"start":{"line":10,"column":17},"end":{"line":10,"column":51}},"8":{"start":{"line":11,"column":17},"end":{"line":11,"column":53}},"9":{"start":{"line":12,"column":27},"end":{"line":12,"column":85}},"10":{"start":{"line":13,"column":17},"end":{"line":13,"column":60}},"11":{"start":{"line":14,"column":17},"end":{"line":14,"column":51}},"12":{"start":{"line":15,"column":29},"end":{"line":15,"column":75}},"13":{"start":{"line":16,"column":16},"end":{"line":16,"column":49}},"14":{"start":{"line":19,"column":8},"end":{"line":19,"column":52}},"15":{"start":{"line":20,"column":8},"end":{"line":20,"column":46}},"16":{"start":{"line":21,"column":8},"end":{"line":21,"column":61}},"17":{"start":{"line":22,"column":8},"end":{"line":22,"column":44}},"18":{"start":{"line":23,"column":8},"end":{"line":23,"column":41}},"19":{"start":{"line":24,"column":8},"end":{"line":24,"column":41}},"20":{"start":{"line":25,"column":8},"end":{"line":25,"column":51}},"21":{"start":{"line":26,"column":8},"end":{"line":26,"column":37}},"22":{"start":{"line":27,"column":8},"end":{"line":27,"column":32}},"23":{"start":{"line":28,"column":8},"end":{"line":28,"column":39}},"24":{"start":{"line":29,"column":8},"end":{"line":29,"column":24}},"25":{"start":{"line":32,"column":8},"end":{"line":32,"column":44}},"26":{"start":{"line":33,"column":8},"end":{"line":33,"column":46}},"27":{"start":{"line":34,"column":8},"end":{"line":34,"column":71}},"28":{"start":{"line":35,"column":8},"end":{"line":35,"column":47}},"29":{"start":{"line":36,"column":8},"end":{"line":36,"column":84}},"30":{"start":{"line":39,"column":8},"end":{"line":41,"column":33}},"31":{"start":{"line":42,"column":8},"end":{"line":42,"column":115}},"32":{"start":{"line":45,"column":8},"end":{"line":45,"column":56}},"33":{"start":{"line":46,"column":8},"end":{"line":46,"column":60}},"34":{"start":{"line":47,"column":8},"end":{"line":47,"column":49}},"35":{"start":{"line":50,"column":8},"end":{"line":54,"column":11}},"36":{"start":{"line":51,"column":12},"end":{"line":53,"column":59}},"37":{"start":{"line":57,"column":8},"end":{"line":57,"column":24}},"38":{"start":{"line":60,"column":12},"end":{"line":60,"column":21}},"39":{"start":{"line":61,"column":0},"end":{"line":61,"column":22}}},"fnMap":{"0":{"name":"(anonymous_0)","decl":{"start":{"line":2,"column":56},"end":{"line":2,"column":57}},"loc":{"start":{"line":2,"column":71},"end":{"line":4,"column":1}},"line":2},"1":{"name":"(anonymous_1)","decl":{"start":{"line":18,"column":4},"end":{"line":18,"column":5}},"loc":{"start":{"line":18,"column":18},"end":{"line":30,"column":5}},"line":18},"2":{"name":"(anonymous_2)","decl":{"start":{"line":31,"column":4},"end":{"line":31,"column":5}},"loc":{"start":{"line":31,"column":28},"end":{"line":37,"column":5}},"line":31},"3":{"name":"(anonymous_3)","decl":{"start":{"line":38,"column":4},"end":{"line":38,"column":5}},"loc":{"start":{"line":38,"column":23},"end":{"line":43,"column":5}},"line":38},"4":{"name":"(anonymous_4)","decl":{"start":{"line":44,"column":4},"end":{"line":44,"column":5}},"loc":{"start":{"line":44,"column":30},"end":{"line":48,"column":5}},"line":44},"5":{"name":"(anonymous_5)","decl":{"start":{"line":49,"column":4},"end":{"line":49,"column":5}},"loc":{"start":{"line":49,"column":15},"end":{"line":55,"column":5}},"line":49},"6":{"name":"(anonymous_6)","decl":{"start":{"line":50,"column":35},"end":{"line":50,"column":36}},"loc":{"start":{"line":50,"column":41},"end":{"line":54,"column":9}},"line":50},"7":{"name":"(anonymous_7)","decl":{"start":{"line":56,"column":4},"end":{"line":56,"column":5}},"loc":{"start":{"line":56,"column":13},"end":{"line":58,"column":5}},"line":56}},"branchMap":{"0":{"loc":{"start":{"line":2,"column":22},"end":{"line":4,"column":1}},"type":"binary-expr","locations":[{"start":{"line":2,"column":23},"end":{"line":2,"column":27}},{"start":{"line":2,"column":31},"end":{"line":2,"column":51}},{"start":{"line":2,"column":56},"end":{"line":4,"column":1}}],"line":2},"1":{"loc":{"start":{"line":3,"column":11},"end":{"line":3,"column":61}},"type":"cond-expr","locations":[{"start":{"line":3,"column":37},"end":{"line":3,"column":40}},{"start":{"line":3,"column":43},"end":{"line":3,"column":61}}],"line":3},"2":{"loc":{"start":{"line":3,"column":12},"end":{"line":3,"column":33}},"type":"binary-expr","locations":[{"start":{"line":3,"column":12},"end":{"line":3,"column":15}},{"start":{"line":3,"column":19},"end":{"line":3,"column":33}}],"line":3}},"s":{"0":1,"1":9,"2":1,"3":1,"4":1,"5":1,"6":1,"7":1,"8":1,"9":1,"10":1,"11":1,"12":1,"13":1,"14":1,"15":1,"16":1,"17":1,"18":1,"19":1,"20":1,"21":1,"22":1,"23":1,"24":1,"25":1,"26":1,"27":1,"28":1,"29":1,"30":1,"31":1,"32":1,"33":1,"34":1,"35":1,"36":1,"37":16,"38":1,"39":1},"f":{"0":9,"1":1,"2":1,"3":1,"4":1,"5":1,"6":1,"7":16},"b":{"0":[1,1,1],"1":[3,6],"2":[9,9]},"inputSourceMap":{"version":3,"file":"C:/Users/Vishal/Documents/BridgeLabz/fundooNotes/fundooNotes/src/index.ts","sources":["C:/Users/Vishal/Documents/BridgeLabz/fundooNotes/fundooNotes/src/index.ts"],"names":[],"mappings":";;;;;AAAA,oDAA4B;AAC5B,gBAAM,CAAC,MAAM,EAAE,CAAC;AAChB,sDAA+C;AAC/C,gDAAwB;AACxB,oDAA4B;AAC5B,sDAA8B;AAC9B,sFAA0D;AAC1D,6DAAqC;AACrC,oDAA4B;AAC5B,4EAA2C;AAE3C,MAAM,OAAO,GAAG,OAAO,CAAE,wBAAwB,CAAC,CAAC;AAEnD,MAAM,GAAG;IAUP;QAJQ,cAAS,GAAG,gBAAM,CAAC,SAAS,CAAC;QAC7B,WAAM,GAAG,gBAAM,CAAC,MAAM,CAAC;QACxB,iBAAY,GAAG,IAAI,0BAAY,EAAE,CAAC;QAGvC,IAAI,CAAC,GAAG,GAAG,IAAA,iBAAO,GAAE,CAAC;QACrB,IAAI,CAAC,IAAI,GAAG,OAAO,CAAC,GAAG,CAAC,QAAQ,CAAC;QACjC,IAAI,CAAC,IAAI,GAAG,OAAO,CAAC,GAAG,CAAC,QAAQ,CAAC;QACjC,IAAI,CAAC,WAAW,GAAG,OAAO,CAAC,GAAG,CAAC,WAAW,CAAC;QAE3C,IAAI,CAAC,qBAAqB,EAAE,CAAC;QAC7B,IAAI,CAAC,gBAAgB,EAAE,CAAC;QACxB,IAAI,CAAC,uBAAuB,EAAE,CAAC;QAC/B,IAAI,CAAC,QAAQ,EAAE,CAAC;IAClB,CAAC;IAEM,qBAAqB;QAC1B,IAAI,CAAC,GAAG,CAAC,GAAG,CAAC,IAAA,cAAI,GAAE,CAAC,CAAC;QACrB,IAAI,CAAC,GAAG,CAAC,GAAG,CAAC,IAAA,gBAAM,GAAE,CAAC,CAAC;QACvB,IAAI,CAAC,GAAG,CAAC,GAAG,CAAC,iBAAO,CAAC,UAAU,CAAC,EAAE,QAAQ,EAAE,IAAI,EAAE,CAAC,CAAC,CAAC;QACrD,IAAI,CAAC,GAAG,CAAC,GAAG,CAAC,iBAAO,CAAC,IAAI,EAAE,CAAC,CAAC;QAC7B,IAAI,CAAC,GAAG,CAAC,GAAG,CAAC,IAAA,gBAAM,EAAC,UAAU,EAAE,EAAE,MAAM,EAAE,IAAI,CAAC,SAAS,EAAE,CAAC,CAAC,CAAC;IAC/D,CAAC;IAEM,gBAAgB;QACrB,IAAI,CAAC,GAAG,CAAC,GAAG;QACV,6BAA6B;QAC7B,IAAA,gBAAM,GAAE,CACT,CAAC;QACF,IAAI,CAAC,GAAG,CAAC,GAAG,CAAC,WAAW,EAAE,4BAAS,CAAC,KAAK,EAAE,4BAAS,CAAC,KAAK,CAAC,OAAO,CAAC,CAAC,CAAC;IACvE,CAAC;IAEM,uBAAuB;QAC5B,IAAI,CAAC,GAAG,CAAC,GAAG,CAAC,IAAI,CAAC,YAAY,CAAC,eAAe,CAAC,CAAC;QAChD,IAAI,CAAC,GAAG,CAAC,GAAG,CAAC,IAAI,CAAC,YAAY,CAAC,mBAAmB,CAAC,CAAC;QACpD,IAAI,CAAC,GAAG,CAAC,GAAG,CAAC,IAAI,CAAC,YAAY,CAAC,QAAQ,CAAC,CAAC;IAC3C,CAAC;IAEM,QAAQ;QACb,IAAI,CAAC,GAAG,CAAC,MAAM,CAAC,IAAI,CAAC,IAAI,EAAE,GAAG,EAAE;YAC9B,IAAI,CAAC,MAAM,CAAC,IAAI;YACd,yEAAyE;YACzE,qBAAqB,IAAI,CAAC,IAAI,IAAI,IAAI,CAAC,IAAI,EAAE,CAC9C,CAAC;QACJ,CAAC,CAAC,CAAC;IACL,CAAC;IAEM,MAAM;QACX,OAAO,IAAI,CAAC,GAAG,CAAC;IAClB,CAAC;CACF;AAED,MAAM,GAAG,GAAG,IAAI,GAAG,EAAE,CAAC;AAEtB,kBAAe,GAAG,CAAC","sourcesContent":["import dotenv from 'dotenv';\ndotenv.config();\nimport express, { Application } from 'express';\nimport cors from 'cors';\nimport helmet from 'helmet';\nimport routes from './routes';\nimport ErrorHandler from './middlewares/error.middleware';\nimport Logger from './config/logger';\nimport morgan from 'morgan';\nimport swaggerUi from 'swagger-ui-express';\nimport swaggerJsdoc from 'swagger-jsdoc';\nconst swagger = require (\"./swagger/swagger.json\");\n\nclass App {\n  public app: Application;\n  public host: string | number;\n  public port: string | number;\n  public api_version: string | number;\n  public env: boolean;\n  private logStream = Logger.logStream;\n  private logger = Logger.logger;\n  public errorHandler = new ErrorHandler();\n\n  constructor() {\n    this.app = express();\n    this.host = process.env.APP_HOST;\n    this.port = process.env.APP_PORT;\n    this.api_version = process.env.API_VERSION;\n\n    this.initializeMiddleWares();\n    this.initializeRoutes();\n    this.initializeErrorHandlers();\n    this.startApp();\n  }\n\n  public initializeMiddleWares(): void {\n    this.app.use(cors());\n    this.app.use(helmet());\n    this.app.use(express.urlencoded({ extended: true }));\n    this.app.use(express.json());\n    this.app.use(morgan('combined', { stream: this.logStream }));\n  }\n\n  public initializeRoutes(): void {\n    this.app.use(\n      //`/api/${this.api_version}`,\n      routes()\n    );\n    this.app.use('/api-docs', swaggerUi.serve, swaggerUi.setup(swagger));\n  }\n\n  public initializeErrorHandlers(): void {\n    this.app.use(this.errorHandler.appErrorHandler);\n    this.app.use(this.errorHandler.genericErrorHandler);\n    this.app.use(this.errorHandler.notFound);\n  }\n\n  public startApp(): void {\n    this.app.listen(this.port, () => {\n      this.logger.info(\n        // `Server started at ${this.host}:${this.port}/api/${this.api_version}/`\n        `Server started at ${this.host}:${this.port}`\n      );\n    });\n  }\n\n  public getApp(): Application {\n    return this.app;\n  }\n}\n\nconst app = new App();\n\nexport default app;\n"]},"_coverageSchema":"1a1c01bbd47fc00a2c39e90264f33305004495a9","hash":"5a095f3ae243e150dcd56189daee9bf0ec92c7c4","contentHash":"fb33e19bd2179c4cd53df42c7bd5af0ec992fa2a4d156780d57229f5aed9396e"},"C:\\Users\\Vishal\\Documents\\BridgeLabz\\fundooNotes\\fundooNotes\\src\\routes\\index.ts":{"path":"C:\\Users\\Vishal\\Documents\\BridgeLabz\\fundooNotes\\fundooNotes\\src\\routes\\index.ts","statementMap":{"0":{"start":{"line":2,"column":22},"end":{"line":4,"column":1}},"1":{"start":{"line":3,"column":4},"end":{"line":3,"column":62}},"2":{"start":{"line":5,"column":0},"end":{"line":5,"column":62}},"3":{"start":{"line":6,"column":18},"end":{"line":6,"column":53}},"4":{"start":{"line":7,"column":15},"end":{"line":7,"column":41}},"5":{"start":{"line":8,"column":21},"end":{"line":8,"column":61}},"6":{"start":{"line":9,"column":22},"end":{"line":9,"column":63}},"7":{"start":{"line":15,"column":15},"end":{"line":22,"column":1}},"8":{"start":{"line":16,"column":4},"end":{"line":18,"column":7}},"9":{"start":{"line":17,"column":8},"end":{"line":17,"column":48}},"10":{"start":{"line":19,"column":4},"end":{"line":19,"column":65}},"11":{"start":{"line":20,"column":4},"end":{"line":20,"column":66}},"12":{"start":{"line":21,"column":4},"end":{"line":21,"column":18}},"13":{"start":{"line":23,"column":0},"end":{"line":23,"column":25}}},"fnMap":{"0":{"name":"(anonymous_0)","decl":{"start":{"line":2,"column":56},"end":{"line":2,"column":57}},"loc":{"start":{"line":2,"column":71},"end":{"line":4,"column":1}},"line":2},"1":{"name":"(anonymous_1)","decl":{"start":{"line":15,"column":15},"end":{"line":15,"column":16}},"loc":{"start":{"line":15,"column":21},"end":{"line":22,"column":1}},"line":15},"2":{"name":"(anonymous_2)","decl":{"start":{"line":16,"column":20},"end":{"line":16,"column":21}},"loc":{"start":{"line":16,"column":34},"end":{"line":18,"column":5}},"line":16}},"branchMap":{"0":{"loc":{"start":{"line":2,"column":22},"end":{"line":4,"column":1}},"type":"binary-expr","locations":[{"start":{"line":2,"column":23},"end":{"line":2,"column":27}},{"start":{"line":2,"column":31},"end":{"line":2,"column":51}},{"start":{"line":2,"column":56},"end":{"line":4,"column":1}}],"line":2},"1":{"loc":{"start":{"line":3,"column":11},"end":{"line":3,"column":61}},"type":"cond-expr","locations":[{"start":{"line":3,"column":37},"end":{"line":3,"column":40}},{"start":{"line":3,"column":43},"end":{"line":3,"column":61}}],"line":3},"2":{"loc":{"start":{"line":3,"column":12},"end":{"line":3,"column":33}},"type":"binary-expr","locations":[{"start":{"line":3,"column":12},"end":{"line":3,"column":15}},{"start":{"line":3,"column":19},"end":{"line":3,"column":33}}],"line":3}},"s":{"0":1,"1":3,"2":1,"3":1,"4":1,"5":1,"6":1,"7":1,"8":1,"9":0,"10":1,"11":1,"12":1,"13":1},"f":{"0":3,"1":1,"2":0},"b":{"0":[1,1,1],"1":[2,1],"2":[3,3]},"inputSourceMap":{"version":3,"file":"C:/Users/Vishal/Documents/BridgeLabz/fundooNotes/fundooNotes/src/routes/index.ts","sources":["C:/Users/Vishal/Documents/BridgeLabz/fundooNotes/fundooNotes/src/routes/index.ts"],"names":[],"mappings":";;;;;AAAA,sDAA2C;AAC3C,MAAM,MAAM,GAAG,iBAAO,CAAC,MAAM,EAAE,CAAC;AAChC,8DAAqC;AACrC,gEAAuC;AAEvC;;;;GAIG;AAEH,MAAM,MAAM,GAAG,GAAY,EAAE;IAC3B,MAAM,CAAC,GAAG,CAAC,GAAG,EAAE,CAAC,GAAG,EAAE,GAAG,EAAE,EAAE;QAC3B,GAAG,CAAC,IAAI,CAAC,6BAA6B,CAAC,CAAC;IAC1C,CAAC,CAAC,CAAC;IACH,MAAM,CAAC,GAAG,CAAC,QAAQ,EAAE,IAAI,oBAAS,EAAE,CAAC,SAAS,EAAE,CAAC,CAAC;IAClD,MAAM,CAAC,GAAG,CAAC,QAAQ,EAAE,IAAI,qBAAU,EAAE,CAAC,SAAS,EAAE,CAAC,CAAC;IAEnD,OAAO,MAAM,CAAC;AAChB,CAAC,CAAC;AAEF,kBAAe,MAAM,CAAC","sourcesContent":["import express, { IRouter } from 'express';\nconst router = express.Router();\nimport userRoute from './user.route';\nimport notesRoute from './notes.route';\n\n/**\n * Function contains Application routes\n *\n * @returns router\n */\n\nconst routes = (): IRouter => {\n  router.get('/', (req, res) => {\n    res.json('Welcome to fundoo Notes App');\n  });\n  router.use('/users', new userRoute().getRoutes());\n  router.use('/notes', new notesRoute().getRoutes());\n\n  return router;\n};\n\nexport default routes;\n"]},"_coverageSchema":"1a1c01bbd47fc00a2c39e90264f33305004495a9","hash":"1c3be5880756e87ceaddaf5cd0ada0ecbb4da791","contentHash":"78d0a71d7fcc36abb53b42e96f0294785997076c1bb9329aa6bbb826d922a6be"},"C:\\Users\\Vishal\\Documents\\BridgeLabz\\fundooNotes\\fundooNotes\\src\\routes\\user.route.ts":{"path":"C:\\Users\\Vishal\\Documents\\BridgeLabz\\fundooNotes\\fundooNotes\\src\\routes\\user.route.ts","statementMap":{"0":{"start":{"line":2,"column":22},"end":{"line":4,"column":1}},"1":{"start":{"line":3,"column":4},"end":{"line":3,"column":62}},"2":{"start":{"line":5,"column":0},"end":{"line":5,"column":62}},"3":{"start":{"line":6,"column":18},"end":{"line":6,"column":53}},"4":{"start":{"line":7,"column":26},"end":{"line":7,"column":84}},"5":{"start":{"line":8,"column":25},"end":{"line":8,"column":81}},"6":{"start":{"line":9,"column":26},"end":{"line":9,"column":67}},"7":{"start":{"line":12,"column":8},"end":{"line":12,"column":62}},"8":{"start":{"line":13,"column":8},"end":{"line":13,"column":49}},"9":{"start":{"line":14,"column":8},"end":{"line":14,"column":60}},"10":{"start":{"line":15,"column":8},"end":{"line":34,"column":10}},"11":{"start":{"line":17,"column":12},"end":{"line":17,"column":104}},"12":{"start":{"line":19,"column":12},"end":{"line":19,"column":96}},"13":{"start":{"line":21,"column":12},"end":{"line":21,"column":97}},"14":{"start":{"line":23,"column":12},"end":{"line":23,"column":103}},"15":{"start":{"line":25,"column":12},"end":{"line":25,"column":106}},"16":{"start":{"line":27,"column":12},"end":{"line":27,"column":66}},"17":{"start":{"line":29,"column":12},"end":{"line":29,"column":96}},"18":{"start":{"line":31,"column":12},"end":{"line":31,"column":68}},"19":{"start":{"line":33,"column":12},"end":{"line":33,"column":100}},"20":{"start":{"line":35,"column":8},"end":{"line":37,"column":10}},"21":{"start":{"line":36,"column":12},"end":{"line":36,"column":31}},"22":{"start":{"line":38,"column":8},"end":{"line":38,"column":22}},"23":{"start":{"line":41,"column":0},"end":{"line":41,"column":29}}},"fnMap":{"0":{"name":"(anonymous_0)","decl":{"start":{"line":2,"column":56},"end":{"line":2,"column":57}},"loc":{"start":{"line":2,"column":71},"end":{"line":4,"column":1}},"line":2},"1":{"name":"(anonymous_1)","decl":{"start":{"line":11,"column":4},"end":{"line":11,"column":5}},"loc":{"start":{"line":11,"column":18},"end":{"line":39,"column":5}},"line":11},"2":{"name":"(anonymous_2)","decl":{"start":{"line":15,"column":22},"end":{"line":15,"column":23}},"loc":{"start":{"line":15,"column":28},"end":{"line":34,"column":9}},"line":15},"3":{"name":"(anonymous_3)","decl":{"start":{"line":35,"column":25},"end":{"line":35,"column":26}},"loc":{"start":{"line":35,"column":31},"end":{"line":37,"column":9}},"line":35}},"branchMap":{"0":{"loc":{"start":{"line":2,"column":22},"end":{"line":4,"column":1}},"type":"binary-expr","locations":[{"start":{"line":2,"column":23},"end":{"line":2,"column":27}},{"start":{"line":2,"column":31},"end":{"line":2,"column":51}},{"start":{"line":2,"column":56},"end":{"line":4,"column":1}}],"line":2},"1":{"loc":{"start":{"line":3,"column":11},"end":{"line":3,"column":61}},"type":"cond-expr","locations":[{"start":{"line":3,"column":37},"end":{"line":3,"column":40}},{"start":{"line":3,"column":43},"end":{"line":3,"column":61}}],"line":3},"2":{"loc":{"start":{"line":3,"column":12},"end":{"line":3,"column":33}},"type":"binary-expr","locations":[{"start":{"line":3,"column":12},"end":{"line":3,"column":15}},{"start":{"line":3,"column":19},"end":{"line":3,"column":33}}],"line":3}},"s":{"0":1,"1":3,"2":1,"3":1,"4":1,"5":1,"6":1,"7":1,"8":1,"9":1,"10":1,"11":1,"12":1,"13":1,"14":1,"15":1,"16":1,"17":1,"18":1,"19":1,"20":1,"21":1,"22":1,"23":1},"f":{"0":3,"1":1,"2":1,"3":1},"b":{"0":[1,1,1],"1":[2,1],"2":[3,3]},"inputSourceMap":{"version":3,"file":"C:/Users/Vishal/Documents/BridgeLabz/fundooNotes/fundooNotes/src/routes/user.route.ts","sources":["C:/Users/Vishal/Documents/BridgeLabz/fundooNotes/fundooNotes/src/routes/user.route.ts"],"names":[],"mappings":";;;;;AAAA,sDAA2C;AAC3C,qFAA4D;AAC5D,kFAAyD;AACzD,oEAA0E;AAE1E,MAAM,UAAU;IAKd;QAJQ,mBAAc,GAAG,IAAI,yBAAc,EAAE,CAAC;QACtC,WAAM,GAAG,iBAAO,CAAC,MAAM,EAAE,CAAC;QAC1B,kBAAa,GAAG,IAAI,wBAAa,EAAE,CAAC;QAMpC,WAAM,GAAG,GAAG,EAAE;YAEpB,wBAAwB;YACxB,IAAI,CAAC,MAAM,CAAC,IAAI,CAAC,WAAW,EAAE,IAAI,CAAC,aAAa,CAAC,OAAO,EAAE,IAAI,CAAC,cAAc,CAAC,YAAY,CAAC,CAAC;YAE5F,aAAa;YACb,IAAI,CAAC,MAAM,CAAC,IAAI,CAAC,QAAQ,EAAE,IAAI,CAAC,aAAa,CAAC,KAAK,EAAE,IAAI,CAAC,cAAc,CAAC,SAAS,CAAC,CAAC;YAEpF,iCAAiC;YACjC,IAAI,CAAC,MAAM,CAAC,GAAG,CAAC,UAAU,EAAE,0BAAQ,EAAE,IAAI,CAAC,cAAc,CAAC,OAAO,CAAC,CAAC;YAEnE,wBAAwB;YACxB,IAAI,CAAC,MAAM,CAAC,GAAG,CAAC,aAAa,EAAE,0BAAQ,EAAE,IAAI,CAAC,cAAc,CAAC,UAAU,CAAC,CAAC;YAEzE,oCAAoC;YACpC,IAAI,CAAC,MAAM,CAAC,MAAM,CAAC,aAAa,EAAC,0BAAQ,EAAG,IAAI,CAAC,cAAc,CAAC,UAAU,CAAC,CAAC;YAE5E,wBAAwB;YACxB,IAAI,CAAC,MAAM,CAAC,GAAG,CAAC,GAAG,EAAE,IAAI,CAAC,cAAc,CAAC,WAAW,CAAC,CAAC;YAEtD,2BAA2B;YAC3B,IAAI,CAAC,MAAM,CAAC,IAAI,CAAC,SAAS,EAAC,0BAAQ,EAAE,IAAI,CAAC,cAAc,CAAC,MAAM,CAAC,CAAC;YAEjE,2BAA2B;YAC3B,IAAI,CAAC,MAAM,CAAC,IAAI,CAAC,SAAS,EAAC,IAAI,CAAC,cAAc,CAAC,MAAM,CAAC,CAAC;YAEvD,0BAA0B;YAC1B,IAAI,CAAC,MAAM,CAAC,IAAI,CAAC,QAAQ,EAAC,gCAAc,EAAC,IAAI,CAAC,cAAc,CAAC,KAAK,CAAC,CAAC;QACtE,CAAC,CAAC;QAEK,cAAS,GAAG,GAAY,EAAE;YAC/B,OAAO,IAAI,CAAC,MAAM,CAAC;QACrB,CAAC,CAAC;QAnCA,IAAI,CAAC,MAAM,EAAE,CAAC;IAChB,CAAC;CAmCF;AAED,kBAAe,UAAU,CAAC","sourcesContent":["import express, { IRouter } from 'express';\nimport userController from '../controllers/user.controller';\nimport userValidator from '../validators/user.validator';\nimport { userAuth, forgetUserAuth } from '../middlewares/auth.middleware';\n\nclass UserRoutes {\n  private UserController = new userController();\n  private router = express.Router();\n  private UserValidator = new userValidator();\n\n  constructor() {\n    this.routes();\n  }\n\n  private routes = () => {\n\n    // register the new user\n    this.router.post('/register', this.UserValidator.newUser, this.UserController.registerUser);\n\n    // Login user\n    this.router.post('/login', this.UserValidator.login, this.UserController.loginUser);\n\n    //route to Get a user by their id\n    this.router.get('/getuser', userAuth, this.UserController.getUser);\n\n    //route to update a user\n    this.router.put('/updateuser', userAuth, this.UserController.updateUser);\n\n    //route to delete a user by their id\n    this.router.delete('/deleteuser',userAuth,  this.UserController.deleteUser);\n\n    //route to Get all user \n    this.router.get('/', this.UserController.getAllUsers);\n\n    // route to Change password\n    this.router.post('/change',userAuth, this.UserController.change);\n\n    // route to forget password\n    this.router.post('/forget',this.UserController.forget);\n\n    // route to reset password\n    this.router.post('/reset',forgetUserAuth,this.UserController.reset);\n  };\n\n  public getRoutes = (): IRouter => {\n    return this.router;\n  };\n}\n\nexport default UserRoutes;\n"]},"_coverageSchema":"1a1c01bbd47fc00a2c39e90264f33305004495a9","hash":"bacce92f2c9614473146b1ebdd3e7ad6adc5e5e2","contentHash":"93541c28aa8290f9b4e7060f37598880efbfa6892864c2b4805941ce00f38104"},"C:\\Users\\Vishal\\Documents\\BridgeLabz\\fundooNotes\\fundooNotes\\src\\controllers\\user.controller.ts":{"path":"C:\\Users\\Vishal\\Documents\\BridgeLabz\\fundooNotes\\fundooNotes\\src\\controllers\\user.controller.ts","statementMap":{"0":{"start":{"line":2,"column":16},"end":{"line":10,"column":1}},"1":{"start":{"line":3,"column":28},"end":{"line":3,"column":110}},"2":{"start":{"line":3,"column":91},"end":{"line":3,"column":106}},"3":{"start":{"line":4,"column":4},"end":{"line":9,"column":7}},"4":{"start":{"line":5,"column":36},"end":{"line":5,"column":97}},"5":{"start":{"line":5,"column":42},"end":{"line":5,"column":70}},"6":{"start":{"line":5,"column":85},"end":{"line":5,"column":95}},"7":{"start":{"line":6,"column":35},"end":{"line":6,"column":100}},"8":{"start":{"line":6,"column":41},"end":{"line":6,"column":73}},"9":{"start":{"line":6,"column":88},"end":{"line":6,"column":98}},"10":{"start":{"line":7,"column":32},"end":{"line":7,"column":116}},"11":{"start":{"line":8,"column":8},"end":{"line":8,"column":78}},"12":{"start":{"line":11,"column":22},"end":{"line":13,"column":1}},"13":{"start":{"line":12,"column":4},"end":{"line":12,"column":62}},"14":{"start":{"line":14,"column":0},"end":{"line":14,"column":62}},"15":{"start":{"line":16,"column":28},"end":{"line":16,"column":73}},"16":{"start":{"line":17,"column":23},"end":{"line":17,"column":75}},"17":{"start":{"line":20,"column":8},"end":{"line":20,"column":56}},"18":{"start":{"line":22,"column":8},"end":{"line":34,"column":11}},"19":{"start":{"line":22,"column":48},"end":{"line":34,"column":10}},"20":{"start":{"line":23,"column":12},"end":{"line":33,"column":13}},"21":{"start":{"line":24,"column":29},"end":{"line":24,"column":74}},"22":{"start":{"line":25,"column":16},"end":{"line":29,"column":19}},"23":{"start":{"line":32,"column":16},"end":{"line":32,"column":28}},"24":{"start":{"line":36,"column":8},"end":{"line":49,"column":11}},"25":{"start":{"line":36,"column":45},"end":{"line":49,"column":10}},"26":{"start":{"line":37,"column":12},"end":{"line":48,"column":13}},"27":{"start":{"line":38,"column":29},"end":{"line":38,"column":96}},"28":{"start":{"line":39,"column":16},"end":{"line":44,"column":19}},"29":{"start":{"line":47,"column":16},"end":{"line":47,"column":28}},"30":{"start":{"line":51,"column":8},"end":{"line":63,"column":11}},"31":{"start":{"line":51,"column":43},"end":{"line":63,"column":10}},"32":{"start":{"line":52,"column":12},"end":{"line":62,"column":13}},"33":{"start":{"line":53,"column":29},"end":{"line":53,"column":67}},"34":{"start":{"line":54,"column":16},"end":{"line":58,"column":19}},"35":{"start":{"line":61,"column":16},"end":{"line":61,"column":28}},"36":{"start":{"line":65,"column":8},"end":{"line":77,"column":11}},"37":{"start":{"line":65,"column":47},"end":{"line":77,"column":10}},"38":{"start":{"line":66,"column":12},"end":{"line":76,"column":13}},"39":{"start":{"line":67,"column":29},"end":{"line":67,"column":65}},"40":{"start":{"line":68,"column":16},"end":{"line":72,"column":19}},"41":{"start":{"line":75,"column":16},"end":{"line":75,"column":28}},"42":{"start":{"line":79,"column":8},"end":{"line":91,"column":11}},"43":{"start":{"line":79,"column":46},"end":{"line":91,"column":10}},"44":{"start":{"line":80,"column":12},"end":{"line":90,"column":13}},"45":{"start":{"line":81,"column":29},"end":{"line":81,"column":80}},"46":{"start":{"line":82,"column":16},"end":{"line":86,"column":19}},"47":{"start":{"line":89,"column":16},"end":{"line":89,"column":28}},"48":{"start":{"line":93,"column":8},"end":{"line":105,"column":11}},"49":{"start":{"line":93,"column":46},"end":{"line":105,"column":10}},"50":{"start":{"line":94,"column":12},"end":{"line":104,"column":13}},"51":{"start":{"line":95,"column":16},"end":{"line":95,"column":58}},"52":{"start":{"line":96,"column":16},"end":{"line":100,"column":19}},"53":{"start":{"line":103,"column":16},"end":{"line":103,"column":28}},"54":{"start":{"line":107,"column":8},"end":{"line":119,"column":11}},"55":{"start":{"line":107,"column":42},"end":{"line":119,"column":10}},"56":{"start":{"line":108,"column":12},"end":{"line":118,"column":13}},"57":{"start":{"line":109,"column":29},"end":{"line":109,"column":76}},"58":{"start":{"line":110,"column":16},"end":{"line":114,"column":19}},"59":{"start":{"line":117,"column":16},"end":{"line":117,"column":28}},"60":{"start":{"line":121,"column":8},"end":{"line":134,"column":11}},"61":{"start":{"line":121,"column":42},"end":{"line":134,"column":10}},"62":{"start":{"line":122,"column":12},"end":{"line":133,"column":13}},"63":{"start":{"line":123,"column":29},"end":{"line":123,"column":74}},"64":{"start":{"line":124,"column":16},"end":{"line":129,"column":19}},"65":{"start":{"line":132,"column":16},"end":{"line":132,"column":28}},"66":{"start":{"line":136,"column":8},"end":{"line":148,"column":11}},"67":{"start":{"line":136,"column":41},"end":{"line":148,"column":10}},"68":{"start":{"line":137,"column":12},"end":{"line":147,"column":13}},"69":{"start":{"line":138,"column":29},"end":{"line":138,"column":78}},"70":{"start":{"line":139,"column":16},"end":{"line":143,"column":19}},"71":{"start":{"line":146,"column":16},"end":{"line":146,"column":28}},"72":{"start":{"line":151,"column":0},"end":{"line":151,"column":33}}},"fnMap":{"0":{"name":"(anonymous_0)","decl":{"start":{"line":2,"column":44},"end":{"line":2,"column":45}},"loc":{"start":{"line":2,"column":89},"end":{"line":10,"column":1}},"line":2},"1":{"name":"adopt","decl":{"start":{"line":3,"column":13},"end":{"line":3,"column":18}},"loc":{"start":{"line":3,"column":26},"end":{"line":3,"column":112}},"line":3},"2":{"name":"(anonymous_2)","decl":{"start":{"line":3,"column":70},"end":{"line":3,"column":71}},"loc":{"start":{"line":3,"column":89},"end":{"line":3,"column":108}},"line":3},"3":{"name":"(anonymous_3)","decl":{"start":{"line":4,"column":36},"end":{"line":4,"column":37}},"loc":{"start":{"line":4,"column":63},"end":{"line":9,"column":5}},"line":4},"4":{"name":"fulfilled","decl":{"start":{"line":5,"column":17},"end":{"line":5,"column":26}},"loc":{"start":{"line":5,"column":34},"end":{"line":5,"column":99}},"line":5},"5":{"name":"rejected","decl":{"start":{"line":6,"column":17},"end":{"line":6,"column":25}},"loc":{"start":{"line":6,"column":33},"end":{"line":6,"column":102}},"line":6},"6":{"name":"step","decl":{"start":{"line":7,"column":17},"end":{"line":7,"column":21}},"loc":{"start":{"line":7,"column":30},"end":{"line":7,"column":118}},"line":7},"7":{"name":"(anonymous_7)","decl":{"start":{"line":11,"column":56},"end":{"line":11,"column":57}},"loc":{"start":{"line":11,"column":71},"end":{"line":13,"column":1}},"line":11},"8":{"name":"(anonymous_8)","decl":{"start":{"line":19,"column":4},"end":{"line":19,"column":5}},"loc":{"start":{"line":19,"column":18},"end":{"line":149,"column":5}},"line":19},"9":{"name":"(anonymous_9)","decl":{"start":{"line":22,"column":28},"end":{"line":22,"column":29}},"loc":{"start":{"line":22,"column":48},"end":{"line":34,"column":10}},"line":22},"10":{"name":"(anonymous_10)","decl":{"start":{"line":22,"column":80},"end":{"line":22,"column":81}},"loc":{"start":{"line":22,"column":93},"end":{"line":34,"column":9}},"line":22},"11":{"name":"(anonymous_11)","decl":{"start":{"line":36,"column":25},"end":{"line":36,"column":26}},"loc":{"start":{"line":36,"column":45},"end":{"line":49,"column":10}},"line":36},"12":{"name":"(anonymous_12)","decl":{"start":{"line":36,"column":77},"end":{"line":36,"column":78}},"loc":{"start":{"line":36,"column":90},"end":{"line":49,"column":9}},"line":36},"13":{"name":"(anonymous_13)","decl":{"start":{"line":51,"column":23},"end":{"line":51,"column":24}},"loc":{"start":{"line":51,"column":43},"end":{"line":63,"column":10}},"line":51},"14":{"name":"(anonymous_14)","decl":{"start":{"line":51,"column":75},"end":{"line":51,"column":76}},"loc":{"start":{"line":51,"column":88},"end":{"line":63,"column":9}},"line":51},"15":{"name":"(anonymous_15)","decl":{"start":{"line":65,"column":27},"end":{"line":65,"column":28}},"loc":{"start":{"line":65,"column":47},"end":{"line":77,"column":10}},"line":65},"16":{"name":"(anonymous_16)","decl":{"start":{"line":65,"column":79},"end":{"line":65,"column":80}},"loc":{"start":{"line":65,"column":92},"end":{"line":77,"column":9}},"line":65},"17":{"name":"(anonymous_17)","decl":{"start":{"line":79,"column":26},"end":{"line":79,"column":27}},"loc":{"start":{"line":79,"column":46},"end":{"line":91,"column":10}},"line":79},"18":{"name":"(anonymous_18)","decl":{"start":{"line":79,"column":78},"end":{"line":79,"column":79}},"loc":{"start":{"line":79,"column":91},"end":{"line":91,"column":9}},"line":79},"19":{"name":"(anonymous_19)","decl":{"start":{"line":93,"column":26},"end":{"line":93,"column":27}},"loc":{"start":{"line":93,"column":46},"end":{"line":105,"column":10}},"line":93},"20":{"name":"(anonymous_20)","decl":{"start":{"line":93,"column":78},"end":{"line":93,"column":79}},"loc":{"start":{"line":93,"column":91},"end":{"line":105,"column":9}},"line":93},"21":{"name":"(anonymous_21)","decl":{"start":{"line":107,"column":22},"end":{"line":107,"column":23}},"loc":{"start":{"line":107,"column":42},"end":{"line":119,"column":10}},"line":107},"22":{"name":"(anonymous_22)","decl":{"start":{"line":107,"column":74},"end":{"line":107,"column":75}},"loc":{"start":{"line":107,"column":87},"end":{"line":119,"column":9}},"line":107},"23":{"name":"(anonymous_23)","decl":{"start":{"line":121,"column":22},"end":{"line":121,"column":23}},"loc":{"start":{"line":121,"column":42},"end":{"line":134,"column":10}},"line":121},"24":{"name":"(anonymous_24)","decl":{"start":{"line":121,"column":74},"end":{"line":121,"column":75}},"loc":{"start":{"line":121,"column":87},"end":{"line":134,"column":9}},"line":121},"25":{"name":"(anonymous_25)","decl":{"start":{"line":136,"column":21},"end":{"line":136,"column":22}},"loc":{"start":{"line":136,"column":41},"end":{"line":148,"column":10}},"line":136},"26":{"name":"(anonymous_26)","decl":{"start":{"line":136,"column":73},"end":{"line":136,"column":74}},"loc":{"start":{"line":136,"column":86},"end":{"line":148,"column":9}},"line":136}},"branchMap":{"0":{"loc":{"start":{"line":2,"column":16},"end":{"line":10,"column":1}},"type":"binary-expr","locations":[{"start":{"line":2,"column":17},"end":{"line":2,"column":21}},{"start":{"line":2,"column":25},"end":{"line":2,"column":39}},{"start":{"line":2,"column":44},"end":{"line":10,"column":1}}],"line":2},"1":{"loc":{"start":{"line":3,"column":35},"end":{"line":3,"column":109}},"type":"cond-expr","locations":[{"start":{"line":3,"column":56},"end":{"line":3,"column":61}},{"start":{"line":3,"column":64},"end":{"line":3,"column":109}}],"line":3},"2":{"loc":{"start":{"line":4,"column":16},"end":{"line":4,"column":34}},"type":"binary-expr","locations":[{"start":{"line":4,"column":16},"end":{"line":4,"column":17}},{"start":{"line":4,"column":22},"end":{"line":4,"column":33}}],"line":4},"3":{"loc":{"start":{"line":7,"column":32},"end":{"line":7,"column":115}},"type":"cond-expr","locations":[{"start":{"line":7,"column":46},"end":{"line":7,"column":67}},{"start":{"line":7,"column":70},"end":{"line":7,"column":115}}],"line":7},"4":{"loc":{"start":{"line":8,"column":51},"end":{"line":8,"column":67}},"type":"binary-expr","locations":[{"start":{"line":8,"column":51},"end":{"line":8,"column":61}},{"start":{"line":8,"column":65},"end":{"line":8,"column":67}}],"line":8},"5":{"loc":{"start":{"line":11,"column":22},"end":{"line":13,"column":1}},"type":"binary-expr","locations":[{"start":{"line":11,"column":23},"end":{"line":11,"column":27}},{"start":{"line":11,"column":31},"end":{"line":11,"column":51}},{"start":{"line":11,"column":56},"end":{"line":13,"column":1}}],"line":11},"6":{"loc":{"start":{"line":12,"column":11},"end":{"line":12,"column":61}},"type":"cond-expr","locations":[{"start":{"line":12,"column":37},"end":{"line":12,"column":40}},{"start":{"line":12,"column":43},"end":{"line":12,"column":61}}],"line":12},"7":{"loc":{"start":{"line":12,"column":12},"end":{"line":12,"column":33}},"type":"binary-expr","locations":[{"start":{"line":12,"column":12},"end":{"line":12,"column":15}},{"start":{"line":12,"column":19},"end":{"line":12,"column":33}}],"line":12}},"s":{"0":1,"1":9,"2":0,"3":9,"4":9,"5":9,"6":0,"7":0,"8":0,"9":0,"10":18,"11":9,"12":1,"13":2,"14":1,"15":1,"16":1,"17":1,"18":1,"19":2,"20":2,"21":2,"22":2,"23":0,"24":1,"25":2,"26":2,"27":2,"28":2,"29":0,"30":1,"31":1,"32":1,"33":1,"34":1,"35":0,"36":1,"37":0,"38":0,"39":0,"40":0,"41":0,"42":1,"43":1,"44":1,"45":1,"46":1,"47":0,"48":1,"49":0,"50":0,"51":0,"52":0,"53":0,"54":1,"55":1,"56":1,"57":1,"58":1,"59":0,"60":1,"61":1,"62":1,"63":1,"64":1,"65":0,"66":1,"67":1,"68":1,"69":1,"70":1,"71":0,"72":1},"f":{"0":9,"1":9,"2":0,"3":9,"4":9,"5":0,"6":18,"7":2,"8":1,"9":2,"10":2,"11":2,"12":2,"13":1,"14":1,"15":0,"16":0,"17":1,"18":1,"19":0,"20":0,"21":1,"22":1,"23":1,"24":1,"25":1,"26":1},"b":{"0":[1,1,1],"1":[9,0],"2":[9,9],"3":[9,9],"4":[9,9],"5":[1,1,1],"6":[2,0],"7":[2,2]},"inputSourceMap":{"version":3,"file":"C:/Users/Vishal/Documents/BridgeLabz/fundooNotes/fundooNotes/src/controllers/user.controller.ts","sources":["C:/Users/Vishal/Documents/BridgeLabz/fundooNotes/fundooNotes/src/controllers/user.controller.ts"],"names":[],"mappings":";;;;;;;;;;;;;;AAAA,uDAAuD;AACvD,0EAA2C;AAC3C,4EAAmD;AAInD,MAAM,cAAc;IAApB;QACS,gBAAW,GAAG,IAAI,sBAAW,EAAE,CAAC;QAEvC,uBAAuB;QAChB,iBAAY,GAAG,CACpB,GAAY,EACZ,GAAa,EACb,IAAkB,EACJ,EAAE;YAChB,IAAI,CAAC;gBACH,MAAM,IAAI,GAAG,MAAM,IAAI,CAAC,WAAW,CAAC,YAAY,CAAC,GAAG,CAAC,IAAI,CAAC,CAAC;gBAC3D,GAAG,CAAC,MAAM,CAAC,2BAAU,CAAC,OAAO,CAAC,CAAC,IAAI,CAAC;oBAClC,IAAI,EAAE,2BAAU,CAAC,OAAO;oBACxB,IAAI,EAAE,IAAI;oBACV,OAAO,EAAE,4BAA4B;iBACtC,CAAC,CAAC;YACL,CAAC;YAAC,OAAO,KAAK,EAAE,CAAC;gBACf,IAAI,CAAC,KAAK,CAAC,CAAC;YACd,CAAC;QACH,CAAC,CAAA,CAAC;QAEF,YAAY;QACL,cAAS,GAAG,CACjB,GAAY,EACZ,GAAa,EACb,IAAkB,EACJ,EAAE;YAChB,IAAI,CAAC;gBACH,MAAM,IAAI,GAAG,MAAM,IAAI,CAAC,WAAW,CAAC,SAAS,CAC3C,GAAG,CAAC,IAAI,CAAC,KAAK,EACd,GAAG,CAAC,IAAI,CAAC,QAAQ,CAClB,CAAC;gBAEF,GAAG,CAAC,MAAM,CAAC,2BAAU,CAAC,EAAE,CAAC,CAAC,IAAI,CAAC;oBAC7B,IAAI,EAAE,2BAAU,CAAC,EAAE;oBACnB,IAAI,EAAE,IAAI,CAAC,IAAI;oBACf,OAAO,EAAE,IAAI,CAAC,OAAO;oBACrB,KAAK,EAAE,IAAI,CAAC,KAAK;iBAClB,CAAC,CAAC;YACL,CAAC;YAAC,OAAO,KAAK,EAAE,CAAC;gBACf,IAAI,CAAC,KAAK,CAAC,CAAC;YACd,CAAC;QACH,CAAC,CAAA,CAAC;QAEF,aAAa;QACN,YAAO,GAAG,CACf,GAAY,EACZ,GAAa,EACb,IAAkB,EACJ,EAAE;YAChB,IAAI,CAAC;gBACH,MAAM,IAAI,GAAG,MAAM,IAAI,CAAC,WAAW,CAAC,OAAO,CAAE,GAAW,CAAC,EAAE,CAAC,CAAC;gBAC7D,GAAG,CAAC,MAAM,CAAC,2BAAU,CAAC,EAAE,CAAC,CAAC,IAAI,CAAC;oBAC7B,IAAI,EAAE,2BAAU,CAAC,EAAE;oBACnB,IAAI,EAAE,IAAI;oBACV,OAAO,EAAE,2BAA2B;iBACrC,CAAC,CAAC;YACL,CAAC;YAAC,OAAO,KAAK,EAAE,CAAC;gBACf,IAAI,CAAC,KAAK,CAAC,CAAC;YACd,CAAC;QACH,CAAC,CAAA,CAAC;QAEF,gBAAgB;QACT,gBAAW,GAAG,CACnB,GAAY,EACZ,GAAa,EACb,IAAkB,EACJ,EAAE;YAChB,IAAI,CAAC;gBACH,MAAM,IAAI,GAAG,MAAM,IAAI,CAAC,WAAW,CAAC,WAAW,EAAE,CAAC;gBAClD,GAAG,CAAC,MAAM,CAAC,2BAAU,CAAC,EAAE,CAAC,CAAC,IAAI,CAAC;oBAC7B,IAAI,EAAE,2BAAU,CAAC,EAAE;oBACnB,IAAI,EAAE,IAAI;oBACV,OAAO,EAAE,gCAAgC;iBAC1C,CAAC,CAAC;YACL,CAAC;YAAC,OAAO,KAAK,EAAE,CAAC;gBACf,IAAI,CAAC,KAAK,CAAC,CAAC;YACd,CAAC;QACH,CAAC,CAAA,CAAC;QAEF,cAAc;QACP,eAAU,GAAG,CAClB,GAAY,EACZ,GAAa,EACb,IAAkB,EACJ,EAAE;YAChB,IAAI,CAAC;gBACH,MAAM,IAAI,GAAG,MAAM,IAAI,CAAC,WAAW,CAAC,UAAU,CAAE,GAAW,CAAC,EAAE,EAAE,GAAG,CAAC,IAAI,CAAC,CAAC;gBAC1E,GAAG,CAAC,MAAM,CAAC,2BAAU,CAAC,QAAQ,CAAC,CAAC,IAAI,CAAC;oBACnC,IAAI,EAAE,2BAAU,CAAC,QAAQ;oBACzB,IAAI,EAAE,IAAI;oBACV,OAAO,EAAE,2BAA2B;iBACrC,CAAC,CAAC;YACL,CAAC;YAAC,OAAO,KAAK,EAAE,CAAC;gBACf,IAAI,CAAC,KAAK,CAAC,CAAC;YACd,CAAC;QACH,CAAC,CAAA,CAAC;QAEF,cAAc;QACP,eAAU,GAAG,CAClB,GAAY,EACZ,GAAa,EACb,IAAkB,EACJ,EAAE;YAChB,IAAI,CAAC;gBACH,MAAM,IAAI,CAAC,WAAW,CAAC,UAAU,CAAE,GAAW,CAAC,EAAE,CAAC,CAAC;gBACnD,GAAG,CAAC,MAAM,CAAC,2BAAU,CAAC,EAAE,CAAC,CAAC,IAAI,CAAC;oBAC7B,IAAI,EAAE,2BAAU,CAAC,EAAE;oBACnB,IAAI,EAAE,EAAE;oBACR,OAAO,EAAE,2BAA2B;iBACrC,CAAC,CAAC;YACL,CAAC;YAAC,OAAO,KAAK,EAAE,CAAC;gBACf,IAAI,CAAC,KAAK,CAAC,CAAC;YACd,CAAC;QACH,CAAC,CAAA,CAAC;QAGF,0BAA0B;QACnB,WAAM,GAAG,CACd,GAAY,EACZ,GAAa,EACb,IAAkB,EACJ,EAAE;YAChB,IAAI,CAAC;gBACH,MAAM,IAAI,GAAG,MAAM,IAAI,CAAC,WAAW,CAAC,MAAM,CAAE,GAAW,CAAC,EAAE,EAAE,GAAG,CAAC,IAAI,CAAC,CAAC;gBACtE,GAAG,CAAC,MAAM,CAAC,2BAAU,CAAC,QAAQ,CAAC,CAAC,IAAI,CAAC;oBACnC,IAAI,EAAE,2BAAU,CAAC,QAAQ;oBACzB,IAAI,EAAE,IAAI;oBACV,OAAO,EAAE,+BAA+B;iBACzC,CAAC,CAAC;YACL,CAAC;YAAC,OAAO,KAAK,EAAE,CAAC;gBACf,IAAI,CAAC,KAAK,CAAC,CAAC;YACd,CAAC;QACH,CAAC,CAAA,CAAC;QAEF,iBAAiB;QAEV,WAAM,GAAG,CACd,GAAY,EACZ,GAAa,EACb,IAAkB,EACJ,EAAE;YAChB,IAAI,CAAC;gBACH,MAAM,IAAI,GAAG,MAAM,IAAI,CAAC,WAAW,CAAC,MAAM,CAAC,GAAG,CAAC,IAAI,CAAC,KAAK,CAAC,CAAC;gBAC3D,GAAG,CAAC,MAAM,CAAC,2BAAU,CAAC,QAAQ,CAAC,CAAC,IAAI,CAAC;oBACnC,IAAI,EAAE,2BAAU,CAAC,QAAQ;oBACzB,IAAI,EAAE,IAAI,CAAC,IAAI;oBACf,KAAK,EAAE,IAAI,CAAC,KAAK;oBACjB,OAAO,EAAE,2BAA2B;iBACrC,CAAC,CAAC;YACL,CAAC;YAAC,OAAO,KAAK,EAAE,CAAC;gBACf,IAAI,CAAC,KAAK,CAAC,CAAC;YACd,CAAC;QACH,CAAC,CAAA,CAAC;QAEF,iBAAiB;QACV,UAAK,GAAG,CACb,GAAY,EACZ,GAAa,EACb,IAAkB,EACJ,EAAE;YAChB,IAAI,CAAC;gBACH,MAAM,IAAI,GAAG,MAAM,IAAI,CAAC,WAAW,CAAC,KAAK,CAAE,GAAW,CAAC,KAAK,EAAE,GAAG,CAAC,IAAI,CAAC,CAAC;gBACxE,GAAG,CAAC,MAAM,CAAC,2BAAU,CAAC,QAAQ,CAAC,CAAC,IAAI,CAAC;oBACnC,IAAI,EAAE,2BAAU,CAAC,QAAQ;oBACzB,IAAI,EAAE,IAAI;oBACV,OAAO,EAAE,+BAA+B;iBACzC,CAAC,CAAC;YACL,CAAC;YAAC,OAAO,KAAK,EAAE,CAAC;gBACf,IAAI,CAAC,KAAK,CAAC,CAAC;YACd,CAAC;QACH,CAAC,CAAA,CAAC;IACJ,CAAC;CAAA;AAED,kBAAe,cAAc,CAAC","sourcesContent":["/* eslint-disable @typescript-eslint/no-explicit-any */\nimport HttpStatus from 'http-status-codes';\nimport userService from '../services/user.service';\n\nimport { Request, Response, NextFunction } from 'express';\n\nclass UserController {\n  public UserService = new userService();\n\n  //Register the new User\n  public registerUser = async (\n    req: Request,\n    res: Response,\n    next: NextFunction\n  ): Promise<any> => {\n    try {\n      const data = await this.UserService.registerUser(req.body);\n      res.status(HttpStatus.CREATED).json({\n        code: HttpStatus.CREATED,\n        data: data,\n        message: 'User register successfully'\n      });\n    } catch (error) {\n      next(error);\n    }\n  };\n\n  //Login User\n  public loginUser = async (\n    req: Request,\n    res: Response,\n    next: NextFunction\n  ): Promise<any> => {\n    try {\n      const data = await this.UserService.loginUser(\n        req.body.email,\n        req.body.password\n      );\n\n      res.status(HttpStatus.OK).json({\n        code: HttpStatus.OK,\n        data: data.data,\n        message: data.message,\n        token: data.token\n      });\n    } catch (error) {\n      next(error);\n    }\n  };\n\n  // get a user\n  public getUser = async (\n    req: Request,\n    res: Response,\n    next: NextFunction\n  ): Promise<any> => {\n    try {\n      const data = await this.UserService.getUser((req as any).id);\n      res.status(HttpStatus.OK).json({\n        code: HttpStatus.OK,\n        data: data,\n        message: 'User fetched successfully'\n      });\n    } catch (error) {\n      next(error);\n    }\n  };\n\n  // Get All Users\n  public getAllUsers = async (\n    req: Request,\n    res: Response,\n    next: NextFunction\n  ): Promise<any> => {\n    try {\n      const data = await this.UserService.getAllUsers();\n      res.status(HttpStatus.OK).json({\n        code: HttpStatus.OK,\n        data: data,\n        message: 'All users fetched successfully'\n      });\n    } catch (error) {\n      next(error);\n    }\n  };\n\n  // Update USer\n  public updateUser = async (\n    req: Request,\n    res: Response,\n    next: NextFunction\n  ): Promise<any> => {\n    try {\n      const data = await this.UserService.updateUser((req as any).id, req.body);\n      res.status(HttpStatus.ACCEPTED).json({\n        code: HttpStatus.ACCEPTED,\n        data: data,\n        message: 'User updated successfully'\n      });\n    } catch (error) {\n      next(error);\n    }\n  };\n\n  // Delete USer\n  public deleteUser = async (\n    req: Request,\n    res: Response,\n    next: NextFunction\n  ): Promise<any> => {\n    try {\n      await this.UserService.deleteUser((req as any).id);\n      res.status(HttpStatus.OK).json({\n        code: HttpStatus.OK,\n        data: {},\n        message: 'User deleted successfully'\n      });\n    } catch (error) {\n      next(error);\n    }\n  };\n\n\n  // Change Password of USer\n  public change = async (\n    req: Request,\n    res: Response,\n    next: NextFunction\n  ): Promise<any> => {\n    try {\n      const data = await this.UserService.change((req as any).id, req.body);\n      res.status(HttpStatus.ACCEPTED).json({\n        code: HttpStatus.ACCEPTED,\n        data: data,\n        message: 'Password changed successfully'\n      });\n    } catch (error) {\n      next(error);\n    }\n  };\n\n  //forget Password\n\n  public forget = async (\n    req: Request,\n    res: Response,\n    next: NextFunction\n  ): Promise<any> => {\n    try {\n      const data = await this.UserService.forget(req.body.email);\n      res.status(HttpStatus.ACCEPTED).json({\n        code: HttpStatus.ACCEPTED,\n        data: data.data,\n        token: data.token,\n        message: 'Token Verify successfully'\n      });\n    } catch (error) {\n      next(error);\n    }\n  };\n\n  // reset password\n  public reset = async (\n    req: Request,\n    res: Response,\n    next: NextFunction\n  ): Promise<any> => {\n    try {\n      const data = await this.UserService.reset((req as any).email, req.body);\n      res.status(HttpStatus.ACCEPTED).json({\n        code: HttpStatus.ACCEPTED,\n        data: data,\n        message: 'Password updated successfully'\n      });\n    } catch (error) {\n      next(error);\n    }\n  };\n}\n\nexport default UserController;\n"]},"_coverageSchema":"1a1c01bbd47fc00a2c39e90264f33305004495a9","hash":"a80eeeb8d8d31b0b2fb4a70db825541087aee6ea","contentHash":"a589255fb356ade64be79c95c5a11789818d868535f7630e5a37e4921474bc8a"},"C:\\Users\\Vishal\\Documents\\BridgeLabz\\fundooNotes\\fundooNotes\\src\\services\\user.service.ts":{"path":"C:\\Users\\Vishal\\Documents\\BridgeLabz\\fundooNotes\\fundooNotes\\src\\services\\user.service.ts","statementMap":{"0":{"start":{"line":2,"column":22},"end":{"line":12,"column":3}},"1":{"start":{"line":3,"column":4},"end":{"line":3,"column":33}},"2":{"start":{"line":3,"column":26},"end":{"line":3,"column":33}},"3":{"start":{"line":4,"column":15},"end":{"line":4,"column":52}},"4":{"start":{"line":5,"column":4},"end":{"line":7,"column":5}},"5":{"start":{"line":6,"column":6},"end":{"line":6,"column":68}},"6":{"start":{"line":6,"column":51},"end":{"line":6,"column":63}},"7":{"start":{"line":8,"column":4},"end":{"line":8,"column":39}},"8":{"start":{"line":10,"column":4},"end":{"line":10,"column":33}},"9":{"start":{"line":10,"column":26},"end":{"line":10,"column":33}},"10":{"start":{"line":11,"column":4},"end":{"line":11,"column":17}},"11":{"start":{"line":13,"column":25},"end":{"line":17,"column":2}},"12":{"start":{"line":14,"column":4},"end":{"line":14,"column":72}},"13":{"start":{"line":16,"column":4},"end":{"line":16,"column":21}},"14":{"start":{"line":18,"column":19},"end":{"line":24,"column":1}},"15":{"start":{"line":19,"column":4},"end":{"line":19,"column":42}},"16":{"start":{"line":19,"column":31},"end":{"line":19,"column":42}},"17":{"start":{"line":20,"column":17},"end":{"line":20,"column":19}},"18":{"start":{"line":21,"column":4},"end":{"line":21,"column":141}},"19":{"start":{"line":21,"column":21},"end":{"line":21,"column":141}},"20":{"start":{"line":21,"column":40},"end":{"line":21,"column":141}},"21":{"start":{"line":21,"column":109},"end":{"line":21,"column":141}},"22":{"start":{"line":22,"column":4},"end":{"line":22,"column":36}},"23":{"start":{"line":23,"column":4},"end":{"line":23,"column":18}},"24":{"start":{"line":25,"column":16},"end":{"line":33,"column":1}},"25":{"start":{"line":26,"column":28},"end":{"line":26,"column":110}},"26":{"start":{"line":26,"column":91},"end":{"line":26,"column":106}},"27":{"start":{"line":27,"column":4},"end":{"line":32,"column":7}},"28":{"start":{"line":28,"column":36},"end":{"line":28,"column":97}},"29":{"start":{"line":28,"column":42},"end":{"line":28,"column":70}},"30":{"start":{"line":28,"column":85},"end":{"line":28,"column":95}},"31":{"start":{"line":29,"column":35},"end":{"line":29,"column":100}},"32":{"start":{"line":29,"column":41},"end":{"line":29,"column":73}},"33":{"start":{"line":29,"column":88},"end":{"line":29,"column":98}},"34":{"start":{"line":30,"column":32},"end":{"line":30,"column":116}},"35":{"start":{"line":31,"column":8},"end":{"line":31,"column":78}},"36":{"start":{"line":34,"column":22},"end":{"line":36,"column":1}},"37":{"start":{"line":35,"column":4},"end":{"line":35,"column":62}},"38":{"start":{"line":37,"column":0},"end":{"line":37,"column":62}},"39":{"start":{"line":38,"column":19},"end":{"line":38,"column":62}},"40":{"start":{"line":39,"column":17},"end":{"line":39,"column":51}},"41":{"start":{"line":40,"column":15},"end":{"line":40,"column":57}},"42":{"start":{"line":41,"column":20},"end":{"line":41,"column":66}},"43":{"start":{"line":42,"column":18},"end":{"line":42,"column":40}},"44":{"start":{"line":43,"column":18},"end":{"line":43,"column":20}},"45":{"start":{"line":46,"column":8},"end":{"line":46,"column":82}},"46":{"start":{"line":47,"column":8},"end":{"line":47,"column":46}},"47":{"start":{"line":49,"column":8},"end":{"line":59,"column":11}},"48":{"start":{"line":49,"column":38},"end":{"line":59,"column":10}},"49":{"start":{"line":50,"column":12},"end":{"line":58,"column":13}},"50":{"start":{"line":53,"column":29},"end":{"line":53,"column":57}},"51":{"start":{"line":54,"column":16},"end":{"line":54,"column":28}},"52":{"start":{"line":57,"column":16},"end":{"line":57,"column":76}},"53":{"start":{"line":61,"column":8},"end":{"line":83,"column":11}},"54":{"start":{"line":61,"column":46},"end":{"line":83,"column":10}},"55":{"start":{"line":62,"column":12},"end":{"line":82,"column":13}},"56":{"start":{"line":63,"column":29},"end":{"line":63,"column":81}},"57":{"start":{"line":64,"column":26},"end":{"line":68,"column":17}},"58":{"start":{"line":69,"column":16},"end":{"line":75,"column":17}},"59":{"start":{"line":70,"column":20},"end":{"line":70,"column":58}},"60":{"start":{"line":73,"column":20},"end":{"line":73,"column":36}},"61":{"start":{"line":74,"column":20},"end":{"line":74,"column":31}},"62":{"start":{"line":76,"column":30},"end":{"line":76,"column":76}},"63":{"start":{"line":77,"column":16},"end":{"line":77,"column":34}},"64":{"start":{"line":78,"column":16},"end":{"line":78,"column":27}},"65":{"start":{"line":81,"column":16},"end":{"line":81,"column":56}},"66":{"start":{"line":85,"column":8},"end":{"line":88,"column":11}},"67":{"start":{"line":85,"column":31},"end":{"line":88,"column":10}},"68":{"start":{"line":86,"column":25},"end":{"line":86,"column":53}},"69":{"start":{"line":87,"column":12},"end":{"line":87,"column":24}},"70":{"start":{"line":90,"column":8},"end":{"line":93,"column":11}},"71":{"start":{"line":90,"column":33},"end":{"line":93,"column":10}},"72":{"start":{"line":91,"column":25},"end":{"line":91,"column":50}},"73":{"start":{"line":92,"column":12},"end":{"line":92,"column":24}},"74":{"start":{"line":95,"column":8},"end":{"line":102,"column":11}},"75":{"start":{"line":95,"column":40},"end":{"line":102,"column":10}},"76":{"start":{"line":96,"column":35},"end":{"line":96,"column":88}},"77":{"start":{"line":97,"column":12},"end":{"line":97,"column":43}},"78":{"start":{"line":98,"column":12},"end":{"line":100,"column":15}},"79":{"start":{"line":101,"column":12},"end":{"line":101,"column":24}},"80":{"start":{"line":104,"column":8},"end":{"line":111,"column":11}},"81":{"start":{"line":104,"column":36},"end":{"line":111,"column":10}},"82":{"start":{"line":105,"column":35},"end":{"line":105,"column":88}},"83":{"start":{"line":106,"column":12},"end":{"line":106,"column":43}},"84":{"start":{"line":107,"column":12},"end":{"line":109,"column":15}},"85":{"start":{"line":110,"column":12},"end":{"line":110,"column":24}},"86":{"start":{"line":113,"column":8},"end":{"line":116,"column":11}},"87":{"start":{"line":113,"column":34},"end":{"line":116,"column":10}},"88":{"start":{"line":114,"column":12},"end":{"line":114,"column":59}},"89":{"start":{"line":115,"column":12},"end":{"line":115,"column":22}},"90":{"start":{"line":118,"column":8},"end":{"line":136,"column":11}},"91":{"start":{"line":118,"column":33},"end":{"line":136,"column":10}},"92":{"start":{"line":119,"column":12},"end":{"line":135,"column":13}},"93":{"start":{"line":120,"column":29},"end":{"line":120,"column":81}},"94":{"start":{"line":121,"column":26},"end":{"line":125,"column":17}},"95":{"start":{"line":126,"column":28},"end":{"line":126,"column":30}},"96":{"start":{"line":127,"column":16},"end":{"line":129,"column":17}},"97":{"start":{"line":128,"column":20},"end":{"line":128,"column":62}},"98":{"start":{"line":130,"column":16},"end":{"line":130,"column":34}},"99":{"start":{"line":131,"column":16},"end":{"line":131,"column":27}},"100":{"start":{"line":134,"column":16},"end":{"line":134,"column":56}},"101":{"start":{"line":138,"column":8},"end":{"line":145,"column":11}},"102":{"start":{"line":138,"column":38},"end":{"line":145,"column":10}},"103":{"start":{"line":139,"column":35},"end":{"line":139,"column":88}},"104":{"start":{"line":140,"column":12},"end":{"line":140,"column":43}},"105":{"start":{"line":141,"column":12},"end":{"line":143,"column":15}},"106":{"start":{"line":144,"column":12},"end":{"line":144,"column":24}},"107":{"start":{"line":148,"column":0},"end":{"line":148,"column":30}}},"fnMap":{"0":{"name":"(anonymous_0)","decl":{"start":{"line":2,"column":74},"end":{"line":2,"column":75}},"loc":{"start":{"line":2,"column":96},"end":{"line":9,"column":1}},"line":2},"1":{"name":"(anonymous_1)","decl":{"start":{"line":6,"column":38},"end":{"line":6,"column":39}},"loc":{"start":{"line":6,"column":49},"end":{"line":6,"column":65}},"line":6},"2":{"name":"(anonymous_2)","decl":{"start":{"line":9,"column":6},"end":{"line":9,"column":7}},"loc":{"start":{"line":9,"column":28},"end":{"line":12,"column":1}},"line":9},"3":{"name":"(anonymous_3)","decl":{"start":{"line":13,"column":80},"end":{"line":13,"column":81}},"loc":{"start":{"line":13,"column":95},"end":{"line":15,"column":1}},"line":13},"4":{"name":"(anonymous_4)","decl":{"start":{"line":15,"column":5},"end":{"line":15,"column":6}},"loc":{"start":{"line":15,"column":20},"end":{"line":17,"column":1}},"line":15},"5":{"name":"(anonymous_5)","decl":{"start":{"line":18,"column":50},"end":{"line":18,"column":51}},"loc":{"start":{"line":18,"column":65},"end":{"line":24,"column":1}},"line":18},"6":{"name":"(anonymous_6)","decl":{"start":{"line":25,"column":44},"end":{"line":25,"column":45}},"loc":{"start":{"line":25,"column":89},"end":{"line":33,"column":1}},"line":25},"7":{"name":"adopt","decl":{"start":{"line":26,"column":13},"end":{"line":26,"column":18}},"loc":{"start":{"line":26,"column":26},"end":{"line":26,"column":112}},"line":26},"8":{"name":"(anonymous_8)","decl":{"start":{"line":26,"column":70},"end":{"line":26,"column":71}},"loc":{"start":{"line":26,"column":89},"end":{"line":26,"column":108}},"line":26},"9":{"name":"(anonymous_9)","decl":{"start":{"line":27,"column":36},"end":{"line":27,"column":37}},"loc":{"start":{"line":27,"column":63},"end":{"line":32,"column":5}},"line":27},"10":{"name":"fulfilled","decl":{"start":{"line":28,"column":17},"end":{"line":28,"column":26}},"loc":{"start":{"line":28,"column":34},"end":{"line":28,"column":99}},"line":28},"11":{"name":"rejected","decl":{"start":{"line":29,"column":17},"end":{"line":29,"column":25}},"loc":{"start":{"line":29,"column":33},"end":{"line":29,"column":102}},"line":29},"12":{"name":"step","decl":{"start":{"line":30,"column":17},"end":{"line":30,"column":21}},"loc":{"start":{"line":30,"column":30},"end":{"line":30,"column":118}},"line":30},"13":{"name":"(anonymous_13)","decl":{"start":{"line":34,"column":56},"end":{"line":34,"column":57}},"loc":{"start":{"line":34,"column":71},"end":{"line":36,"column":1}},"line":34},"14":{"name":"(anonymous_14)","decl":{"start":{"line":45,"column":4},"end":{"line":45,"column":5}},"loc":{"start":{"line":45,"column":18},"end":{"line":146,"column":5}},"line":45},"15":{"name":"(anonymous_15)","decl":{"start":{"line":49,"column":28},"end":{"line":49,"column":29}},"loc":{"start":{"line":49,"column":38},"end":{"line":59,"column":10}},"line":49},"16":{"name":"(anonymous_16)","decl":{"start":{"line":49,"column":70},"end":{"line":49,"column":71}},"loc":{"start":{"line":49,"column":83},"end":{"line":59,"column":9}},"line":49},"17":{"name":"(anonymous_17)","decl":{"start":{"line":61,"column":25},"end":{"line":61,"column":26}},"loc":{"start":{"line":61,"column":46},"end":{"line":83,"column":10}},"line":61},"18":{"name":"(anonymous_18)","decl":{"start":{"line":61,"column":78},"end":{"line":61,"column":79}},"loc":{"start":{"line":61,"column":91},"end":{"line":83,"column":9}},"line":61},"19":{"name":"(anonymous_19)","decl":{"start":{"line":85,"column":23},"end":{"line":85,"column":24}},"loc":{"start":{"line":85,"column":31},"end":{"line":88,"column":10}},"line":85},"20":{"name":"(anonymous_20)","decl":{"start":{"line":85,"column":63},"end":{"line":85,"column":64}},"loc":{"start":{"line":85,"column":76},"end":{"line":88,"column":9}},"line":85},"21":{"name":"(anonymous_21)","decl":{"start":{"line":90,"column":27},"end":{"line":90,"column":28}},"loc":{"start":{"line":90,"column":33},"end":{"line":93,"column":10}},"line":90},"22":{"name":"(anonymous_22)","decl":{"start":{"line":90,"column":65},"end":{"line":90,"column":66}},"loc":{"start":{"line":90,"column":78},"end":{"line":93,"column":9}},"line":90},"23":{"name":"(anonymous_23)","decl":{"start":{"line":95,"column":26},"end":{"line":95,"column":27}},"loc":{"start":{"line":95,"column":40},"end":{"line":102,"column":10}},"line":95},"24":{"name":"(anonymous_24)","decl":{"start":{"line":95,"column":72},"end":{"line":95,"column":73}},"loc":{"start":{"line":95,"column":85},"end":{"line":102,"column":9}},"line":95},"25":{"name":"(anonymous_25)","decl":{"start":{"line":104,"column":22},"end":{"line":104,"column":23}},"loc":{"start":{"line":104,"column":36},"end":{"line":111,"column":10}},"line":104},"26":{"name":"(anonymous_26)","decl":{"start":{"line":104,"column":68},"end":{"line":104,"column":69}},"loc":{"start":{"line":104,"column":81},"end":{"line":111,"column":9}},"line":104},"27":{"name":"(anonymous_27)","decl":{"start":{"line":113,"column":26},"end":{"line":113,"column":27}},"loc":{"start":{"line":113,"column":34},"end":{"line":116,"column":10}},"line":113},"28":{"name":"(anonymous_28)","decl":{"start":{"line":113,"column":66},"end":{"line":113,"column":67}},"loc":{"start":{"line":113,"column":79},"end":{"line":116,"column":9}},"line":113},"29":{"name":"(anonymous_29)","decl":{"start":{"line":118,"column":22},"end":{"line":118,"column":23}},"loc":{"start":{"line":118,"column":33},"end":{"line":136,"column":10}},"line":118},"30":{"name":"(anonymous_30)","decl":{"start":{"line":118,"column":65},"end":{"line":118,"column":66}},"loc":{"start":{"line":118,"column":78},"end":{"line":136,"column":9}},"line":118},"31":{"name":"(anonymous_31)","decl":{"start":{"line":138,"column":21},"end":{"line":138,"column":22}},"loc":{"start":{"line":138,"column":38},"end":{"line":145,"column":10}},"line":138},"32":{"name":"(anonymous_32)","decl":{"start":{"line":138,"column":70},"end":{"line":138,"column":71}},"loc":{"start":{"line":138,"column":83},"end":{"line":145,"column":9}},"line":138}},"branchMap":{"0":{"loc":{"start":{"line":2,"column":22},"end":{"line":12,"column":3}},"type":"binary-expr","locations":[{"start":{"line":2,"column":23},"end":{"line":2,"column":27}},{"start":{"line":2,"column":31},"end":{"line":2,"column":51}},{"start":{"line":2,"column":57},"end":{"line":12,"column":2}}],"line":2},"1":{"loc":{"start":{"line":2,"column":57},"end":{"line":12,"column":2}},"type":"cond-expr","locations":[{"start":{"line":2,"column":74},"end":{"line":9,"column":1}},{"start":{"line":9,"column":6},"end":{"line":12,"column":1}}],"line":2},"2":{"loc":{"start":{"line":3,"column":4},"end":{"line":3,"column":33}},"type":"if","locations":[{"start":{"line":3,"column":4},"end":{"line":3,"column":33}},{"start":{"line":3,"column":4},"end":{"line":3,"column":33}}],"line":3},"3":{"loc":{"start":{"line":5,"column":4},"end":{"line":7,"column":5}},"type":"if","locations":[{"start":{"line":5,"column":4},"end":{"line":7,"column":5}},{"start":{"line":5,"column":4},"end":{"line":7,"column":5}}],"line":5},"4":{"loc":{"start":{"line":5,"column":8},"end":{"line":5,"column":85}},"type":"binary-expr","locations":[{"start":{"line":5,"column":8},"end":{"line":5,"column":13}},{"start":{"line":5,"column":18},"end":{"line":5,"column":84}}],"line":5},"5":{"loc":{"start":{"line":5,"column":18},"end":{"line":5,"column":84}},"type":"cond-expr","locations":[{"start":{"line":5,"column":34},"end":{"line":5,"column":47}},{"start":{"line":5,"column":50},"end":{"line":5,"column":84}}],"line":5},"6":{"loc":{"start":{"line":5,"column":50},"end":{"line":5,"column":84}},"type":"binary-expr","locations":[{"start":{"line":5,"column":50},"end":{"line":5,"column":63}},{"start":{"line":5,"column":67},"end":{"line":5,"column":84}}],"line":5},"7":{"loc":{"start":{"line":10,"column":4},"end":{"line":10,"column":33}},"type":"if","locations":[{"start":{"line":10,"column":4},"end":{"line":10,"column":33}},{"start":{"line":10,"column":4},"end":{"line":10,"column":33}}],"line":10},"8":{"loc":{"start":{"line":13,"column":25},"end":{"line":17,"column":2}},"type":"binary-expr","locations":[{"start":{"line":13,"column":26},"end":{"line":13,"column":30}},{"start":{"line":13,"column":34},"end":{"line":13,"column":57}},{"start":{"line":13,"column":63},"end":{"line":17,"column":1}}],"line":13},"9":{"loc":{"start":{"line":13,"column":63},"end":{"line":17,"column":1}},"type":"cond-expr","locations":[{"start":{"line":13,"column":80},"end":{"line":15,"column":1}},{"start":{"line":15,"column":5},"end":{"line":17,"column":1}}],"line":13},"10":{"loc":{"start":{"line":18,"column":19},"end":{"line":24,"column":1}},"type":"binary-expr","locations":[{"start":{"line":18,"column":20},"end":{"line":18,"column":24}},{"start":{"line":18,"column":28},"end":{"line":18,"column":45}},{"start":{"line":18,"column":50},"end":{"line":24,"column":1}}],"line":18},"11":{"loc":{"start":{"line":19,"column":4},"end":{"line":19,"column":42}},"type":"if","locations":[{"start":{"line":19,"column":4},"end":{"line":19,"column":42}},{"start":{"line":19,"column":4},"end":{"line":19,"column":42}}],"line":19},"12":{"loc":{"start":{"line":19,"column":8},"end":{"line":19,"column":29}},"type":"binary-expr","locations":[{"start":{"line":19,"column":8},"end":{"line":19,"column":11}},{"start":{"line":19,"column":15},"end":{"line":19,"column":29}}],"line":19},"13":{"loc":{"start":{"line":21,"column":4},"end":{"line":21,"column":141}},"type":"if","locations":[{"start":{"line":21,"column":4},"end":{"line":21,"column":141}},{"start":{"line":21,"column":4},"end":{"line":21,"column":141}}],"line":21},"14":{"loc":{"start":{"line":21,"column":40},"end":{"line":21,"column":141}},"type":"if","locations":[{"start":{"line":21,"column":40},"end":{"line":21,"column":141}},{"start":{"line":21,"column":40},"end":{"line":21,"column":141}}],"line":21},"15":{"loc":{"start":{"line":21,"column":44},"end":{"line":21,"column":107}},"type":"binary-expr","locations":[{"start":{"line":21,"column":44},"end":{"line":21,"column":59}},{"start":{"line":21,"column":63},"end":{"line":21,"column":107}}],"line":21},"16":{"loc":{"start":{"line":25,"column":16},"end":{"line":33,"column":1}},"type":"binary-expr","locations":[{"start":{"line":25,"column":17},"end":{"line":25,"column":21}},{"start":{"line":25,"column":25},"end":{"line":25,"column":39}},{"start":{"line":25,"column":44},"end":{"line":33,"column":1}}],"line":25},"17":{"loc":{"start":{"line":26,"column":35},"end":{"line":26,"column":109}},"type":"cond-expr","locations":[{"start":{"line":26,"column":56},"end":{"line":26,"column":61}},{"start":{"line":26,"column":64},"end":{"line":26,"column":109}}],"line":26},"18":{"loc":{"start":{"line":27,"column":16},"end":{"line":27,"column":34}},"type":"binary-expr","locations":[{"start":{"line":27,"column":16},"end":{"line":27,"column":17}},{"start":{"line":27,"column":22},"end":{"line":27,"column":33}}],"line":27},"19":{"loc":{"start":{"line":30,"column":32},"end":{"line":30,"column":115}},"type":"cond-expr","locations":[{"start":{"line":30,"column":46},"end":{"line":30,"column":67}},{"start":{"line":30,"column":70},"end":{"line":30,"column":115}}],"line":30},"20":{"loc":{"start":{"line":31,"column":51},"end":{"line":31,"column":67}},"type":"binary-expr","locations":[{"start":{"line":31,"column":51},"end":{"line":31,"column":61}},{"start":{"line":31,"column":65},"end":{"line":31,"column":67}}],"line":31},"21":{"loc":{"start":{"line":34,"column":22},"end":{"line":36,"column":1}},"type":"binary-expr","locations":[{"start":{"line":34,"column":23},"end":{"line":34,"column":27}},{"start":{"line":34,"column":31},"end":{"line":34,"column":51}},{"start":{"line":34,"column":56},"end":{"line":36,"column":1}}],"line":34},"22":{"loc":{"start":{"line":35,"column":11},"end":{"line":35,"column":61}},"type":"cond-expr","locations":[{"start":{"line":35,"column":37},"end":{"line":35,"column":40}},{"start":{"line":35,"column":43},"end":{"line":35,"column":61}}],"line":35},"23":{"loc":{"start":{"line":35,"column":12},"end":{"line":35,"column":33}},"type":"binary-expr","locations":[{"start":{"line":35,"column":12},"end":{"line":35,"column":15}},{"start":{"line":35,"column":19},"end":{"line":35,"column":33}}],"line":35},"24":{"loc":{"start":{"line":69,"column":16},"end":{"line":75,"column":17}},"type":"if","locations":[{"start":{"line":69,"column":16},"end":{"line":75,"column":17}},{"start":{"line":69,"column":16},"end":{"line":75,"column":17}}],"line":69},"25":{"loc":{"start":{"line":69,"column":20},"end":{"line":69,"column":85}},"type":"binary-expr","locations":[{"start":{"line":69,"column":20},"end":{"line":69,"column":24}},{"start":{"line":69,"column":29},"end":{"line":69,"column":84}}],"line":69},"26":{"loc":{"start":{"line":127,"column":16},"end":{"line":129,"column":17}},"type":"if","locations":[{"start":{"line":127,"column":16},"end":{"line":129,"column":17}},{"start":{"line":127,"column":16},"end":{"line":129,"column":17}}],"line":127}},"s":{"0":1,"1":0,"2":0,"3":0,"4":0,"5":0,"6":0,"7":0,"8":0,"9":0,"10":0,"11":1,"12":0,"13":0,"14":1,"15":1,"16":1,"17":0,"18":0,"19":0,"20":0,"21":0,"22":0,"23":0,"24":1,"25":29,"26":0,"27":17,"28":29,"29":29,"30":0,"31":0,"32":0,"33":0,"34":46,"35":17,"36":1,"37":3,"38":1,"39":1,"40":1,"41":1,"42":1,"43":1,"44":1,"45":9,"46":9,"47":9,"48":3,"49":3,"50":3,"51":3,"52":0,"53":9,"54":3,"55":3,"56":3,"57":3,"58":3,"59":2,"60":1,"61":1,"62":2,"63":2,"64":2,"65":0,"66":9,"67":2,"68":2,"69":2,"70":9,"71":0,"72":0,"73":0,"74":9,"75":2,"76":2,"77":2,"78":2,"79":2,"80":9,"81":2,"82":2,"83":2,"84":2,"85":2,"86":9,"87":1,"88":1,"89":1,"90":9,"91":2,"92":2,"93":2,"94":2,"95":2,"96":2,"97":2,"98":2,"99":2,"100":0,"101":9,"102":2,"103":2,"104":2,"105":2,"106":2,"107":1},"f":{"0":0,"1":0,"2":0,"3":0,"4":0,"5":1,"6":17,"7":29,"8":0,"9":17,"10":29,"11":0,"12":46,"13":3,"14":9,"15":3,"16":3,"17":3,"18":3,"19":2,"20":2,"21":0,"22":0,"23":2,"24":2,"25":2,"26":2,"27":1,"28":1,"29":2,"30":2,"31":2,"32":2},"b":{"0":[1,1,1],"1":[1,0],"2":[0,0],"3":[0,0],"4":[0,0],"5":[0,0],"6":[0,0],"7":[0,0],"8":[1,1,1],"9":[1,0],"10":[1,1,1],"11":[1,0],"12":[1,1],"13":[0,0],"14":[0,0],"15":[0,0],"16":[1,1,1],"17":[29,0],"18":[17,17],"19":[17,29],"20":[17,17],"21":[1,1,1],"22":[2,1],"23":[3,3],"24":[2,1],"25":[3,2],"26":[2,0]},"inputSourceMap":{"version":3,"file":"C:/Users/Vishal/Documents/BridgeLabz/fundooNotes/fundooNotes/src/services/user.service.ts","sources":["C:/Users/Vishal/Documents/BridgeLabz/fundooNotes/fundooNotes/src/services/user.service.ts"],"names":[],"mappings":";;;;;;;;;;;;;;;;;;;;;;;;;;;;;;;;;;;;;AAAA,+DAA0D;AAE1D,oDAA4B;AAC5B,0DAAkC;AAIlC,mEAAsC;AAEtC,MAAM,SAAS,GAAG,OAAO,CAAC,GAAG,CAAC,UAAU,CAAC;AACzC,MAAM,SAAS,GAAW,EAAE,CAAC;AAE7B,MAAM,WAAW;IAAjB;QACU,SAAI,GAAG,IAAA,cAAI,EAAC,kBAAS,EAAE,oBAAS,CAAC,CAAC;QAClC,SAAI,GAAG,IAAI,mBAAI,EAAE,CAAC;QAE1B,qBAAqB;QACd,iBAAY,GAAG,CAAO,IAAI,EAAE,EAAE;YACnC,IAAI,CAAC;gBACH,sEAAsE;gBACtE,kCAAkC;gBAClC,MAAM,IAAI,GAAG,MAAM,IAAI,CAAC,IAAI,CAAC,MAAM,CAAC,IAAI,CAAC,CAAC;gBAC1C,OAAO,IAAI,CAAC;YACd,CAAC;YAAC,OAAO,KAAK,EAAE,CAAC;gBACf,MAAM,IAAI,KAAK,CAAC,0BAA0B,GAAG,KAAK,CAAC,OAAO,CAAC,CAAC;YAC9D,CAAC;QACH,CAAC,CAAA,CAAC;QAEF,YAAY;QACL,cAAS,GAAG,CAAO,KAAK,EAAE,QAAQ,EAAE,EAAE;YAC3C,IAAI,CAAC;gBACH,MAAM,IAAI,GAAG,MAAM,IAAI,CAAC,IAAI,CAAC,OAAO,CAAC,EAAE,KAAK,EAAE,EAAE,KAAK,EAAE,KAAK,EAAE,EAAE,CAAC,CAAC;gBAClE,IAAI,GAAG,GAAG;oBACR,IAAI,EAAE,IAAI;oBACV,KAAK,EAAE,EAAE;oBACT,OAAO,EAAE,cAAc;iBACxB,CAAC;gBACF,IAAI,IAAI,IAAI,CAAC,MAAM,gBAAM,CAAC,OAAO,CAAC,QAAQ,EAAE,IAAI,CAAC,QAAQ,CAAC,CAAC,EAAE,CAAC;oBAC5D,GAAG,CAAC,OAAO,GAAG,uBAAuB,CAAC;gBACxC,CAAC;qBAAM,CAAC;oBACN,GAAG,CAAC,IAAI,GAAG,IAAI,CAAC;oBAChB,OAAO,GAAG,CAAC;gBACb,CAAC;gBACD,MAAM,KAAK,GAAG,MAAM,IAAI,CAAC,IAAI,CAAC,KAAK,CAAC,IAAI,CAAC,EAAE,EAAC,IAAI,CAAC,SAAS,CAAC,CAAC;gBAC5D,GAAG,CAAC,KAAK,GAAG,KAAK,CAAC;gBAClB,OAAO,GAAG,CAAC;YACb,CAAC;YAAC,OAAO,KAAK,EAAE,CAAC;gBACf,MAAM,IAAI,KAAK,CAAC,sBAAsB,CAAC,CAAC;YAC1C,CAAC;QACH,CAAC,CAAA,CAAC;QAEF,mBAAmB;QACZ,YAAO,GAAG,CAAO,EAAE,EAAE,EAAE;YAC5B,MAAM,IAAI,GAAG,MAAM,IAAI,CAAC,IAAI,CAAC,QAAQ,CAAC,EAAE,CAAC,CAAC;YAC1C,OAAO,IAAI,CAAC;QACd,CAAC,CAAA,CAAC;QAEF,eAAe;QACR,gBAAW,GAAG,GAAuB,EAAE;YAC5C,MAAM,IAAI,GAAG,MAAM,IAAI,CAAC,IAAI,CAAC,OAAO,EAAE,CAAC;YACvC,OAAO,IAAI,CAAC;QACd,CAAC,CAAA,CAAC;QAEF,eAAe;QACR,eAAU,GAAG,CAAO,EAAE,EAAE,IAAI,EAAE,EAAE;YACrC,MAAM,cAAc,GAAG,MAAM,gBAAM,CAAC,IAAI,CAAC,IAAI,CAAC,QAAQ,EAAE,SAAS,CAAC,CAAC;YACnE,IAAI,CAAC,QAAQ,GAAG,cAAc,CAAC;YAC/B,MAAM,IAAI,CAAC,IAAI,CAAC,MAAM,CAAC,IAAI,EAAE;gBAC3B,KAAK,EAAE,EAAE,EAAE,EAAE,EAAE,EAAE;aAClB,CAAC,CAAC;YACH,OAAO,IAAI,CAAC;QACd,CAAC,CAAA,CAAC;QAGF,iBAAiB;QAEV,WAAM,GAAG,CAAO,EAAE,EAAE,IAAI,EAAE,EAAE;YACjC,MAAM,cAAc,GAAG,MAAM,gBAAM,CAAC,IAAI,CAAC,IAAI,CAAC,QAAQ,EAAE,SAAS,CAAC,CAAC;YACnE,IAAI,CAAC,QAAQ,GAAG,cAAc,CAAC;YAC/B,MAAM,IAAI,CAAC,IAAI,CAAC,MAAM,CAAC,IAAI,EAAE;gBAC3B,KAAK,EAAE,EAAE,EAAE,EAAE,EAAE,EAAE;aAClB,CAAC,CAAC;YACH,OAAO,IAAI,CAAC;QACd,CAAC,CAAA,CAAC;QAEF,eAAe;QACR,eAAU,GAAG,CAAO,EAAE,EAAE,EAAE;YAC/B,MAAM,IAAI,CAAC,IAAI,CAAC,OAAO,CAAC,EAAE,KAAK,EAAE,EAAE,EAAE,EAAE,EAAE,EAAE,EAAE,CAAC,CAAC;YAC/C,OAAO,EAAE,CAAC;QACZ,CAAC,CAAA,CAAC;QAEF,aAAa;QACN,WAAM,GAAG,CAAO,KAAK,EAAE,EAAE;YAC9B,IAAI,CAAC;gBACH,MAAM,IAAI,GAAG,MAAM,IAAI,CAAC,IAAI,CAAC,OAAO,CAAC,EAAE,KAAK,EAAE,EAAE,KAAK,EAAE,KAAK,EAAE,EAAE,CAAC,CAAC;gBAClE,IAAI,GAAG,GAAG;oBACR,IAAI,EAAE,IAAI;oBACV,KAAK,EAAE,EAAE;oBACT,OAAO,EAAE,cAAc;iBACxB,CAAC;gBACF,IAAI,KAAK,GAAG,EAAE,CAAC;gBACf,IAAI,IAAI,EAAE,CAAC;oBACT,KAAK,GAAG,MAAM,IAAI,CAAC,IAAI,CAAC,UAAU,CAAC,KAAK,CAAC,CAAC;gBAC5C,CAAC;gBACD,GAAG,CAAC,KAAK,GAAG,KAAK,CAAC;gBAClB,OAAO,GAAG,CAAC;YACb,CAAC;YAAC,OAAO,KAAK,EAAE,CAAC;gBACf,MAAM,IAAI,KAAK,CAAC,sBAAsB,CAAC,CAAC;YAC1C,CAAC;QACH,CAAC,CAAA,CAAC;QAED,kBAAkB;QACX,UAAK,GAAG,CAAO,KAAK,EAAE,IAAI,EAAE,EAAE;YACpC,MAAM,cAAc,GAAG,MAAM,gBAAM,CAAC,IAAI,CAAC,IAAI,CAAC,QAAQ,EAAE,SAAS,CAAC,CAAC;YACnE,IAAI,CAAC,QAAQ,GAAG,cAAc,CAAC;YAC/B,MAAM,IAAI,CAAC,IAAI,CAAC,MAAM,CAAC,EAAC,QAAQ,EAAG,IAAI,CAAC,QAAQ,EAAC,EAAE;gBACjD,KAAK,EAAE,EAAE,KAAK,EAAE,KAAK,EAAE;aACxB,CAAC,CAAC;YACH,OAAO,IAAI,CAAC;QACd,CAAC,CAAA,CAAC;IACJ,CAAC;CAAA;AAED,kBAAe,WAAW,CAAC","sourcesContent":["import sequelize, { DataTypes } from '../config/database';\nimport { IUser } from '../interfaces/user.interface';\nimport bcrypt from 'bcrypt';\nimport user from '../models/user';\nimport { log } from 'winston';\nimport jwt from 'jsonwebtoken';\nimport dotenv from 'dotenv';\nimport Util from '../utils/user.util';\n\nconst secretKey = process.env.SECRET_KEY;\nconst saltRound: number = 10;\n\nclass UserService {\n  private User = user(sequelize, DataTypes);\n  private util = new Util();\n\n  //Register a new user\n  public registerUser = async (body) => {\n    try {\n      // const hashedPassword = await bcrypt.hash(body.password, saltRound);\n      // body.password = hashedPassword;\n      const data = await this.User.create(body);\n      return data;\n    } catch (error) {\n      throw new Error('Error registering user: ' + error.message);\n    }\n  };\n\n  //Login User\n  public loginUser = async (email, password) => {\n    try {\n      const data = await this.User.findOne({ where: { email: email } });\n      let obj = {\n        data: data,\n        token: '',\n        message: 'Invalid User'\n      };\n      if (data && (await bcrypt.compare(password, data.password))) {\n        obj.message = 'Loged In successfully';\n      } else {\n        obj.data = null;\n        return obj;\n      }\n      const token = await this.util.login(data.id,data.firstName);\n      obj.token = token;\n      return obj;\n    } catch (error) {\n      throw new error('Error Logging user: ');\n    }\n  };\n\n  //get a single user\n  public getUser = async (id) => {\n    const data = await this.User.findByPk(id);\n    return data;\n  };\n\n  //get all users\n  public getAllUsers = async (): Promise<any> => {\n    const data = await this.User.findAll();\n    return data;\n  };\n\n  //update a user\n  public updateUser = async (id, body) => {\n    const hashedPassword = await bcrypt.hash(body.password, saltRound);\n    body.password = hashedPassword;\n    await this.User.update(body, {\n      where: { id: id }\n    });\n    return body;\n  };\n\n  \n  //change password\n\n  public change = async (id, body) => {\n    const hashedPassword = await bcrypt.hash(body.password, saltRound);\n    body.password = hashedPassword;\n    await this.User.update(body, {\n      where: { id: id }\n    });\n    return body;\n  };\n\n  //delete a user\n  public deleteUser = async (id) => {\n    await this.User.destroy({ where: { id: id } });\n    return '';\n  };\n\n  //forget User\n  public forget = async (email) => {\n    try {\n      const data = await this.User.findOne({ where: { email: email } });\n      let obj = {\n        data: data,\n        token: '',\n        message: 'Invalid User'\n      };\n      let token = '';\n      if (data) {\n        token = await this.util.forgetUser(email);\n      }\n      obj.token = token;\n      return obj;\n    } catch (error) {\n      throw new error('Error Logging user: ');\n    }\n  };\n\n   //Reset a Password\n   public reset = async (email, body) => {\n    const hashedPassword = await bcrypt.hash(body.password, saltRound);\n    body.password = hashedPassword;\n    await this.User.update({password : body.password}, {\n      where: { email: email }\n    });\n    return body;\n  };\n}\n\nexport default UserService;\n"]},"_coverageSchema":"1a1c01bbd47fc00a2c39e90264f33305004495a9","hash":"afadd92aca630afae206ed195129af964d9d9d77","contentHash":"2c7ed158a4afe5406ee3895cd098ef465ef6359d7236775060c9946d828919c8"},"C:\\Users\\Vishal\\Documents\\BridgeLabz\\fundooNotes\\fundooNotes\\src\\config\\database.ts":{"path":"C:\\Users\\Vishal\\Documents\\BridgeLabz\\fundooNotes\\fundooNotes\\src\\config\\database.ts","statementMap":{"0":{"start":{"line":2,"column":22},"end":{"line":4,"column":1}},"1":{"start":{"line":3,"column":4},"end":{"line":3,"column":62}},"2":{"start":{"line":5,"column":0},"end":{"line":5,"column":62}},"3":{"start":{"line":6,"column":0},"end":{"line":6,"column":27}},"4":{"start":{"line":7,"column":20},"end":{"line":7,"column":40}},"5":{"start":{"line":8,"column":17},"end":{"line":8,"column":53}},"6":{"start":{"line":9,"column":17},"end":{"line":9,"column":51}},"7":{"start":{"line":10,"column":0},"end":{"line":10,"column":26}},"8":{"start":{"line":11,"column":18},"end":{"line":11,"column":38}},"9":{"start":{"line":12,"column":0},"end":{"line":12,"column":118}},"10":{"start":{"line":12,"column":83},"end":{"line":12,"column":112}},"11":{"start":{"line":13,"column":15},"end":{"line":13,"column":38}},"12":{"start":{"line":14,"column":15},"end":{"line":14,"column":35}},"13":{"start":{"line":15,"column":15},"end":{"line":15,"column":38}},"14":{"start":{"line":16,"column":15},"end":{"line":16,"column":35}},"15":{"start":{"line":17,"column":11},"end":{"line":17,"column":27}},"16":{"start":{"line":18,"column":11},"end":{"line":18,"column":37}},"17":{"start":{"line":19,"column":0},"end":{"line":25,"column":1}},"18":{"start":{"line":20,"column":19},"end":{"line":20,"column":39}},"19":{"start":{"line":21,"column":19},"end":{"line":21,"column":42}},"20":{"start":{"line":22,"column":19},"end":{"line":22,"column":39}},"21":{"start":{"line":23,"column":15},"end":{"line":23,"column":31}},"22":{"start":{"line":24,"column":15},"end":{"line":24,"column":41}},"23":{"start":{"line":26,"column":18},"end":{"line":36,"column":2}},"24":{"start":{"line":37,"column":0},"end":{"line":44,"column":3}},"25":{"start":{"line":40,"column":4},"end":{"line":40,"column":46}},"26":{"start":{"line":43,"column":4},"end":{"line":43,"column":62}},"27":{"start":{"line":45,"column":0},"end":{"line":45,"column":17}},"28":{"start":{"line":46,"column":0},"end":{"line":46,"column":28}}},"fnMap":{"0":{"name":"(anonymous_0)","decl":{"start":{"line":2,"column":56},"end":{"line":2,"column":57}},"loc":{"start":{"line":2,"column":71},"end":{"line":4,"column":1}},"line":2},"1":{"name":"(anonymous_1)","decl":{"start":{"line":12,"column":69},"end":{"line":12,"column":70}},"loc":{"start":{"line":12,"column":81},"end":{"line":12,"column":114}},"line":12},"2":{"name":"(anonymous_2)","decl":{"start":{"line":39,"column":10},"end":{"line":39,"column":11}},"loc":{"start":{"line":39,"column":16},"end":{"line":41,"column":1}},"line":39},"3":{"name":"(anonymous_3)","decl":{"start":{"line":42,"column":11},"end":{"line":42,"column":12}},"loc":{"start":{"line":42,"column":22},"end":{"line":44,"column":1}},"line":42}},"branchMap":{"0":{"loc":{"start":{"line":2,"column":22},"end":{"line":4,"column":1}},"type":"binary-expr","locations":[{"start":{"line":2,"column":23},"end":{"line":2,"column":27}},{"start":{"line":2,"column":31},"end":{"line":2,"column":51}},{"start":{"line":2,"column":56},"end":{"line":4,"column":1}}],"line":2},"1":{"loc":{"start":{"line":3,"column":11},"end":{"line":3,"column":61}},"type":"cond-expr","locations":[{"start":{"line":3,"column":37},"end":{"line":3,"column":40}},{"start":{"line":3,"column":43},"end":{"line":3,"column":61}}],"line":3},"2":{"loc":{"start":{"line":3,"column":12},"end":{"line":3,"column":33}},"type":"binary-expr","locations":[{"start":{"line":3,"column":12},"end":{"line":3,"column":15}},{"start":{"line":3,"column":19},"end":{"line":3,"column":33}}],"line":3},"3":{"loc":{"start":{"line":19,"column":0},"end":{"line":25,"column":1}},"type":"if","locations":[{"start":{"line":19,"column":0},"end":{"line":25,"column":1}},{"start":{"line":19,"column":0},"end":{"line":25,"column":1}}],"line":19}},"s":{"0":1,"1":2,"2":1,"3":1,"4":1,"5":1,"6":1,"7":1,"8":1,"9":1,"10":17,"11":1,"12":1,"13":1,"14":1,"15":1,"16":1,"17":1,"18":1,"19":1,"20":1,"21":1,"22":1,"23":1,"24":1,"25":1,"26":0,"27":1,"28":1},"f":{"0":2,"1":17,"2":1,"3":0},"b":{"0":[1,1,1],"1":[1,1],"2":[2,2],"3":[1,0]},"inputSourceMap":{"version":3,"file":"C:/Users/Vishal/Documents/BridgeLabz/fundooNotes/fundooNotes/src/config/database.ts","sources":["C:/Users/Vishal/Documents/BridgeLabz/fundooNotes/fundooNotes/src/config/database.ts"],"names":[],"mappings":";;;;;;AAAA,yCAAsC;AACtC,sDAA8B;AAC9B,oDAA4B;AAC5B,gBAAM,CAAC,MAAM,EAAE,CAAC;AAChB,uCAAsC;AAA7B,sGAAA,SAAS,OAAA;AAElB,MAAM,MAAM,GAAG,gBAAM,CAAC,MAAM,CAAC;AAE7B,IAAI,QAAQ,GAAG,OAAO,CAAC,GAAG,CAAC,QAAQ,CAAC;AACpC,IAAI,QAAQ,GAAG,OAAO,CAAC,GAAG,CAAC,WAAW,CAAC;AACvC,IAAI,QAAQ,GAAG,OAAO,CAAC,GAAG,CAAC,QAAQ,CAAC;AACpC,IAAI,IAAI,GAAG,OAAO,CAAC,GAAG,CAAC,IAAI,CAAC;AAC5B,IAAI,IAAI,GAAG,QAAQ,CAAC,OAAO,CAAC,GAAG,CAAC,IAAI,CAAC,CAAC;AAEtC,IAAI,OAAO,CAAC,GAAG,CAAC,QAAQ,KAAK,MAAM,EAAE,CAAC;IACpC,IAAI,QAAQ,GAAG,OAAO,CAAC,GAAG,CAAC,QAAQ,CAAC;IACpC,IAAI,QAAQ,GAAG,OAAO,CAAC,GAAG,CAAC,WAAW,CAAC;IACvC,IAAI,QAAQ,GAAG,OAAO,CAAC,GAAG,CAAC,QAAQ,CAAC;IACpC,IAAI,IAAI,GAAG,OAAO,CAAC,GAAG,CAAC,IAAI,CAAC;IAC5B,IAAI,IAAI,GAAG,QAAQ,CAAC,OAAO,CAAC,GAAG,CAAC,IAAI,CAAC,CAAC;AACxC,CAAC;AAED,MAAM,SAAS,GAAG,IAAI,qBAAS,CAAC,QAAQ,EAAE,QAAQ,EAAE,QAAQ,EAAE;IAC5D,IAAI,EAAE,IAAI;IACV,IAAI,EAAE,IAAI;IACV,OAAO,EAAE,UAAU;IACnB,IAAI,EAAE;QACJ,GAAG,EAAE,CAAC;QACN,GAAG,EAAE,CAAC;QACN,OAAO,EAAE,KAAK;QACd,IAAI,EAAE,KAAK;KACZ;CACF,CAAC,CAAC;AAEH,SAAS;KACN,YAAY,EAAE;KACd,IAAI,CAAC,GAAG,EAAE;IACT,MAAM,CAAC,IAAI,CAAC,4BAA4B,CAAC,CAAC;AAC5C,CAAC,CAAC;KACD,KAAK,CAAC,CAAC,KAAK,EAAE,EAAE;IACf,MAAM,CAAC,KAAK,CAAC,oCAAoC,EAAE,KAAK,CAAC,CAAC;AAC5D,CAAC,CAAC,CAAC;AAEL,SAAS,CAAC,IAAI,EAAE,CAAC;AAEjB,kBAAe,SAAS,CAAC","sourcesContent":["import { Sequelize } from 'sequelize';\nimport Logger from './logger';\nimport dotenv from 'dotenv';\ndotenv.config();\nexport { DataTypes } from 'sequelize';\n\nconst logger = Logger.logger;\n\nlet DATABASE = process.env.DATABASE;\nlet USERNAME = process.env.DB_USERNAME;\nlet PASSWORD = process.env.PASSWORD;\nlet HOST = process.env.HOST;\nlet PORT = parseInt(process.env.PORT);\n\nif (process.env.NODE_ENV === 'test') {\n  let DATABASE = process.env.DATABASE;\n  let USERNAME = process.env.DB_USERNAME;\n  let PASSWORD = process.env.PASSWORD;\n  let HOST = process.env.HOST;\n  let PORT = parseInt(process.env.PORT);\n}\n\nconst sequelize = new Sequelize(DATABASE, USERNAME, PASSWORD, {\n  host: HOST,\n  port: PORT,\n  dialect: 'postgres',\n  pool: {\n    max: 5,\n    min: 0,\n    acquire: 30000,\n    idle: 10000\n  }\n});\n\nsequelize\n  .authenticate()\n  .then(() => {\n    logger.info('Connected to the database.');\n  })\n  .catch((error) => {\n    logger.error('Could not connect to the database.', error);\n  });\n\nsequelize.sync();\n\nexport default sequelize;\n"]},"_coverageSchema":"1a1c01bbd47fc00a2c39e90264f33305004495a9","hash":"56eff9504e0e6aa98e5941a509d2f62ecd7b0c63","contentHash":"196bdb0864a428d53e5bfbb5076048b373fc34dce9729ea7daef6e1b2660e1d8"},"C:\\Users\\Vishal\\Documents\\BridgeLabz\\fundooNotes\\fundooNotes\\src\\config\\logger.ts":{"path":"C:\\Users\\Vishal\\Documents\\BridgeLabz\\fundooNotes\\fundooNotes\\src\\config\\logger.ts","statementMap":{"0":{"start":{"line":2,"column":22},"end":{"line":12,"column":3}},"1":{"start":{"line":3,"column":4},"end":{"line":3,"column":33}},"2":{"start":{"line":3,"column":26},"end":{"line":3,"column":33}},"3":{"start":{"line":4,"column":15},"end":{"line":4,"column":52}},"4":{"start":{"line":5,"column":4},"end":{"line":7,"column":5}},"5":{"start":{"line":6,"column":6},"end":{"line":6,"column":68}},"6":{"start":{"line":6,"column":51},"end":{"line":6,"column":63}},"7":{"start":{"line":8,"column":4},"end":{"line":8,"column":39}},"8":{"start":{"line":10,"column":4},"end":{"line":10,"column":33}},"9":{"start":{"line":10,"column":26},"end":{"line":10,"column":33}},"10":{"start":{"line":11,"column":4},"end":{"line":11,"column":17}},"11":{"start":{"line":13,"column":25}
[...]
AAC;IACJ,CAAC;CAAA;AAED,kBAAe,YAAY,CAAC","sourcesContent":["import sequelize, { DataTypes } from '../config/database';\r\nimport { IUser } from '../interfaces/user.interface';\r\nimport bcrypt from 'bcrypt';\r\nimport notes from '../models/notes';\r\nimport { log } from 'winston';\r\nimport jwt from 'jsonwebtoken';\r\nimport dotenv from 'dotenv';\r\n\r\nconst secretKey = process.env.SECRET_KEY;\r\n\r\nclass NotesService {\r\n  private Notes = notes(sequelize, DataTypes);\r\n\r\n  //Create new Note\r\n  public createNote = async (id: number,body: any): Promise<any> => {\r\n    try {\r\n      body.createdby = id;\r\n      const data = await this.Notes.create(body);\r\n      return data;\r\n    } catch (error) {\r\n      throw new Error('Error Creating Note : ' + error.message);\r\n    }\r\n  };\r\n\r\n  //get all Notes\r\n  public getAllNotes = async (id: number): Promise<any> => {\r\n    const data = await this.Notes.findAll({ where: { createdby: id } });\r\n    return data;\r\n  };\r\n\r\n  //get a single user\r\n  public getSpecificNotes = async (id, userID) => {\r\n    const data = await this.Notes.findOne({\r\n      where: { id: id, createdby: userID }\r\n    });\r\n    return data;\r\n  };\r\n\r\n  // update a Note\r\n  public updateNotes = async (id, userID, body) => {\r\n    try {\r\n      await this.Notes.update(body, {\r\n        where: { id: id, createdby: userID }\r\n      });\r\n    } catch (err) {\r\n      throw new Error('Error Updating Note : ');\r\n    }\r\n    return body;\r\n  };\r\n\r\n  //Archive the note\r\n  public archiveNotes = async (id, userID) => {\r\n    try {\r\n      const data = await this.Notes.findOne({\r\n        where: { id: id, createdby: userID }\r\n      });\r\n      if (data) {\r\n        data.archive = !data.archive;\r\n        await data.save();\r\n      }\r\n      return data;\r\n    } catch (err) {\r\n      throw new Error('Error Updating Note : ');\r\n    }\r\n  };\r\n\r\n  //Trash the note\r\n  public trashNotes = async (id, userID) => {\r\n    try {\r\n      const data = await this.Notes.findOne({\r\n        where: { id: id, createdby: userID }\r\n      });\r\n      if (data) {\r\n        data.trash = !data.trash;\r\n        await data.save();\r\n      }\r\n      return data;\r\n    } catch (err) {\r\n      throw new Error('Error White Trashing Note : ');\r\n    }\r\n  };\r\n\r\n  // delete a Note\r\n  public deleteNotes = async (id, userID) => {\r\n    const data = await this.Notes.destroy({\r\n      where: { id: id, createdby: userID }\r\n    });\r\n    return data;\r\n  };\r\n}\r\n\r\nexport default NotesService;\r\n"]},"_coverageSchema":"1a1c01bbd47fc00a2c39e90264f33305004495a9","hash":"44bd2764ec02525237ce22342b53d59dc8bfac04","contentHash":"119950f47d1177f53cfc14e8c76526b14a9511112153d234fadde97691c74f79"},"C:\\Users\\Vishal\\Documents\\BridgeLabz\\fundooNotes\\fundooNotes\\src\\models\\notes.ts":{"path":"C:\\Users\\Vishal\\Documents\\BridgeLabz\\fundooNotes\\fundooNotes\\src\\models\\notes.ts","statementMap":{"0":{"start":{"line":4,"column":0},"end":{"line":4,"column":62}},"1":{"start":{"line":5,"column":20},"end":{"line":5,"column":40}},"2":{"start":{"line":6,"column":0},"end":{"line":49,"column":2}},"3":{"start":{"line":17,"column":4},"end":{"line":47,"column":7}},"4":{"start":{"line":48,"column":4},"end":{"line":48,"column":17}}},"fnMap":{"0":{"name":"(anonymous_0)","decl":{"start":{"line":6,"column":18},"end":{"line":6,"column":19}},"loc":{"start":{"line":6,"column":44},"end":{"line":49,"column":1}},"line":6},"1":{"name":"(anonymous_1)","decl":{"start":{"line":13,"column":8},"end":{"line":13,"column":9}},"loc":{"start":{"line":13,"column":33},"end":{"line":15,"column":9}},"line":13}},"branchMap":{},"s":{"0":1,"1":1,"2":1,"3":8,"4":8},"f":{"0":8,"1":0},"b":{},"inputSourceMap":{"version":3,"file":"C:/Users/Vishal/Documents/BridgeLabz/fundooNotes/fundooNotes/src/models/notes.ts","sources":["C:/Users/Vishal/Documents/BridgeLabz/fundooNotes/fundooNotes/src/models/notes.ts"],"names":[],"mappings":"AAAA,mCAAmC;AACnC,sDAAsD;AACtD,YAAY,CAAC;;AACb,yCAA+D;AAI/D,kBAAe,CAAC,SAAS,EAAE,SAAS,EAAE,EAAE;IACtC,MAAM,KAAM,SAAQ,iBAAK;QAOvB;;;;WAIG;QACH,MAAM,CAAC,SAAS,CAAC,MAAM;YACrB,0BAA0B;QAC5B,CAAC;KACF;IACD,KAAK,CAAC,IAAI,CACR;QACE,KAAK,EAAE;YACL,IAAI,EAAE,SAAS,CAAC,MAAM;YACtB,SAAS,EAAE,KAAK;SACjB;QACD,WAAW,EAAE;YACX,IAAI,EAAE,SAAS,CAAC,IAAI;YACpB,SAAS,EAAE,KAAK;SACjB;QACD,KAAK,EAAE;YACL,IAAI,EAAE,SAAS,CAAC,MAAM;YACtB,yBAAyB;YACzB,SAAS,EAAE,KAAK;SACjB;QACD,OAAO,EAAE;YACP,IAAI,EAAE,SAAS,CAAC,OAAO;YACvB,SAAS,EAAE,KAAK;SACjB;QACD,KAAK,EAAE;YACL,IAAI,EAAE,SAAS,CAAC,OAAO;YACvB,SAAS,EAAE,KAAK;SACjB;QACD,SAAS,EAAE;YACT,IAAI,EAAE,SAAS,CAAC,OAAO;YACvB,SAAS,EAAE,KAAK;SACjB;KACF,EACD;QACE,SAAS;QACT,SAAS,EAAE,OAAO;QAClB,UAAU,EAAE,KAAK;KAClB,CACF,CAAC;IACF,OAAO,KAAK,CAAC;AACf,CAAC,CAAC","sourcesContent":["/* eslint-disable no-unused-vars */\r\n/* eslint-disable @typescript-eslint/no-unused-vars */\r\n'use strict';\r\nimport { Model, DateOnlyDataType, DataTypes } from 'sequelize';\r\nimport User from './user';\r\nimport { IUser } from '../interfaces/user.interface';\r\nimport bcrypt from 'bcrypt';\r\nexport default (sequelize, DataTypes) => {\r\n  class Notes extends Model {\r\n    public title;\r\n    public description;\r\n    public color;\r\n    public archive;\r\n    public trash;\r\n    public createdby;\r\n    /**\r\n     * Helper method for defining associations.\r\n     * This method is not a part of Sequelize lifecycle.\r\n     * The `models/index` file will call this method automatically.\r\n     */\r\n    static associate(models) {\r\n      // define association here\r\n    }\r\n  }\r\n  Notes.init(\r\n    {\r\n      title: {\r\n        type: DataTypes.STRING,\r\n        allowNull: false\r\n      },\r\n      description: {\r\n        type: DataTypes.TEXT,\r\n        allowNull: false\r\n      },\r\n      color: {\r\n        type: DataTypes.STRING,\r\n        //defaultValue : 'white',\r\n        allowNull: false\r\n      },\r\n      archive: {\r\n        type: DataTypes.BOOLEAN,\r\n        allowNull: false\r\n      },\r\n      trash: {\r\n        type: DataTypes.BOOLEAN,\r\n        allowNull: false\r\n      },\r\n      createdby: {\r\n        type: DataTypes.INTEGER,\r\n        allowNull: false\r\n      }\r\n    },\r\n    {\r\n      sequelize,\r\n      modelName: 'notes',\r\n      timestamps: false\r\n    }\r\n  );\r\n  return Notes;\r\n};\r\n"]},"_coverageSchema":"1a1c01bbd47fc00a2c39e90264f33305004495a9","hash":"557d5fb1c5516d4802903ffa7473958023d45cfd","contentHash":"5994c88f0aa588412ada369e68ed522f1db5e22dccbd902636c2bb6d02c4b9df"},"C:\\Users\\Vishal\\Documents\\BridgeLabz\\fundooNotes\\fundooNotes\\src\\validators\\note.validator.ts":{"path":"C:\\Users\\Vishal\\Documents\\BridgeLabz\\fundooNotes\\fundooNotes\\src\\validators\\note.validator.ts","statementMap":{"0":{"start":{"line":2,"column":22},"end":{"line":4,"column":1}},"1":{"start":{"line":3,"column":4},"end":{"line":3,"column":62}},"2":{"start":{"line":5,"column":0},"end":{"line":5,"column":62}},"3":{"start":{"line":6,"column":14},"end":{"line":6,"column":51}},"4":{"start":{"line":9,"column":8},"end":{"line":30,"column":10}},"5":{"start":{"line":10,"column":27},"end":{"line":17,"column":14}},"6":{"start":{"line":18,"column":34},"end":{"line":20,"column":28}},"7":{"start":{"line":21,"column":41},"end":{"line":21,"column":66}},"8":{"start":{"line":22,"column":12},"end":{"line":24,"column":13}},"9":{"start":{"line":23,"column":16},"end":{"line":23,"column":85}},"10":{"start":{"line":25,"column":44},"end":{"line":25,"column":79}},"11":{"start":{"line":26,"column":12},"end":{"line":28,"column":13}},"12":{"start":{"line":27,"column":16},"end":{"line":27,"column":88}},"13":{"start":{"line":29,"column":12},"end":{"line":29,"column":19}},"14":{"start":{"line":33,"column":0},"end":{"line":33,"column":32}}},"fnMap":{"0":{"name":"(anonymous_0)","decl":{"start":{"line":2,"column":56},"end":{"line":2,"column":57}},"loc":{"start":{"line":2,"column":71},"end":{"line":4,"column":1}},"line":2},"1":{"name":"(anonymous_1)","decl":{"start":{"line":8,"column":4},"end":{"line":8,"column":5}},"loc":{"start":{"line":8,"column":18},"end":{"line":31,"column":5}},"line":8},"2":{"name":"(anonymous_2)","decl":{"start":{"line":9,"column":26},"end":{"line":9,"column":27}},"loc":{"start":{"line":9,"column":46},"end":{"line":30,"column":9}},"line":9}},"branchMap":{"0":{"loc":{"start":{"line":2,"column":22},"end":{"line":4,"column":1}},"type":"binary-expr","locations":[{"start":{"line":2,"column":23},"end":{"line":2,"column":27}},{"start":{"line":2,"column":31},"end":{"line":2,"column":51}},{"start":{"line":2,"column":56},"end":{"line":4,"column":1}}],"line":2},"1":{"loc":{"start":{"line":3,"column":11},"end":{"line":3,"column":61}},"type":"cond-expr","locations":[{"start":{"line":3,"column":37},"end":{"line":3,"column":40}},{"start":{"line":3,"column":43},"end":{"line":3,"column":61}}],"line":3},"2":{"loc":{"start":{"line":3,"column":12},"end":{"line":3,"column":33}},"type":"binary-expr","locations":[{"start":{"line":3,"column":12},"end":{"line":3,"column":15}},{"start":{"line":3,"column":19},"end":{"line":3,"column":33}}],"line":3},"3":{"loc":{"start":{"line":22,"column":12},"end":{"line":24,"column":13}},"type":"if","locations":[{"start":{"line":22,"column":12},"end":{"line":24,"column":13}},{"start":{"line":22,"column":12},"end":{"line":24,"column":13}}],"line":22},"4":{"loc":{"start":{"line":26,"column":12},"end":{"line":28,"column":13}},"type":"if","locations":[{"start":{"line":26,"column":12},"end":{"line":28,"column":13}},{"start":{"line":26,"column":12},"end":{"line":28,"column":13}}],"line":26}},"s":{"0":1,"1":1,"2":1,"3":1,"4":1,"5":1,"6":1,"7":1,"8":1,"9":0,"10":1,"11":1,"12":0,"13":1,"14":1},"f":{"0":1,"1":1,"2":1},"b":{"0":[1,1,1],"1":[0,1],"2":[1,1],"3":[0,1],"4":[0,1]},"inputSourceMap":{"version":3,"file":"C:/Users/Vishal/Documents/BridgeLabz/fundooNotes/fundooNotes/src/validators/note.validator.ts","sources":["C:/Users/Vishal/Documents/BridgeLabz/fundooNotes/fundooNotes/src/validators/note.validator.ts"],"names":[],"mappings":";;;;;AAAA,oDAA4B;AAG5B,MAAM,aAAa;IAAnB;QACW,eAAU,GAAG,CAAC,GAAG,EAAE,GAAG,EAAE,IAAI,EAAE,EAAE;YACnC,MAAM,MAAM,GAAG,aAAG,CAAC,MAAM,CAAC;gBACtB,KAAK,EAAE,aAAG,CAAC,MAAM,EAAE,CAAC,QAAQ,EAAE;gBAC9B,WAAW,EAAE,aAAG,CAAC,MAAM,EAAE,CAAC,QAAQ,EAAE;gBACpC,KAAK,EAAE,aAAG,CAAC,MAAM,EAAE,CAAC,QAAQ,EAAE;gBAC9B,OAAO,EAAE,aAAG,CAAC,OAAO,EAAE,CAAC,QAAQ,EAAE;gBACjC,KAAK,EAAE,aAAG,CAAC,OAAO,EAAE,CAAC,QAAQ,EAAE;gBAC/B,SAAS,EAAE,aAAG,CAAC,MAAM,EAAE,CAAC,QAAQ,EAAE;aACrC,CAAC,CAAC;YAEH,MAAM,aAAa,GAAG,aAAG,CAAC,MAAM,CAAC;gBAC7B,aAAa,EAAE,aAAG,CAAC,MAAM,EAAE,CAAC,QAAQ,EAAE;aACzC,CAAC,CAAC,OAAO,CAAC,IAAI,CAAC,CAAC;YAEjB,MAAM,EAAE,KAAK,EAAE,SAAS,EAAE,GAAG,MAAM,CAAC,QAAQ,CAAC,GAAG,CAAC,IAAI,CAAC,CAAC;YACvD,IAAI,SAAS,EAAE,CAAC;gBACZ,OAAO,GAAG,CAAC,MAAM,CAAC,GAAG,CAAC,CAAC,IAAI,CAAC,EAAE,KAAK,EAAE,SAAS,CAAC,OAAO,CAAC,CAAC,CAAC,CAAC,OAAO,EAAE,CAAC,CAAC;YACzE,CAAC;YACD,MAAM,EAAE,KAAK,EAAE,YAAY,EAAE,GAAG,aAAa,CAAC,QAAQ,CAAC,GAAG,CAAC,OAAO,CAAC,CAAC;YACpE,IAAI,YAAY,EAAE,CAAC;gBACf,OAAO,GAAG,CAAC,MAAM,CAAC,GAAG,CAAC,CAAC,IAAI,CAAC,EAAE,KAAK,EAAE,YAAY,CAAC,OAAO,CAAC,CAAC,CAAC,CAAC,OAAO,EAAE,CAAC,CAAC;YAC5E,CAAC;YACD,IAAI,EAAE,CAAC;QACX,CAAC,CAAC;IACN,CAAC;CAAA;AACD,kBAAe,aAAa,CAAC","sourcesContent":["import Joi from '@hapi/joi';\r\nimport { Request, Response, NextFunction } from 'express';\r\n\r\nclass NoteValidator {\r\n    public updateNote = (req, res, next) => {\r\n        const schema = Joi.object({\r\n            title: Joi.string().optional(),\r\n            description: Joi.string().optional(),\r\n            color: Joi.string().optional(),\r\n            archive: Joi.boolean().optional(),\r\n            trash: Joi.boolean().optional(),\r\n            createdBy: Joi.number().optional(),\r\n        });\r\n\r\n        const header_schema = Joi.object({\r\n            authorization: Joi.string().required(),\r\n        }).unknown(true);\r\n\r\n        const { error: bodyError } = schema.validate(req.body);\r\n        if (bodyError) {\r\n            return res.status(400).json({ error: bodyError.details[0].message });\r\n        }\r\n        const { error: headersError } = header_schema.validate(req.headers);\r\n        if (headersError) {\r\n            return res.status(400).json({ error: headersError.details[0].message });\r\n        }\r\n        next();\r\n    };\r\n}\r\nexport default NoteValidator;"]},"_coverageSchema":"1a1c01bbd47fc00a2c39e90264f33305004495a9","hash":"ba9802ba1f1d22754518e63cc4fa7362f5236d8f","contentHash":"4bb7c82df2b331ed169488c7de140fa121cd43fe2e3a033c6a2f28945241e2c6"},"C:\\Users\\Vishal\\Documents\\BridgeLabz\\fundooNotes\\fundooNotes\\src\\middlewares\\error.middleware.ts":{"path":"C:\\Users\\Vishal\\Documents\\BridgeLabz\\fundooNotes\\fundooNotes\\src\\middlewares\\error.middleware.ts","statementMap":{"0":{"start":{"line":2,"column":22},"end":{"line":4,"column":1}},"1":{"start":{"line":3,"column":4},"end":{"line":3,"column":62}},"2":{"start":{"line":5,"column":0},"end":{"line":5,"column":62}},"3":{"start":{"line":10,"column":28},"end":{"line":10,"column":73}},"4":{"start":{"line":11,"column":17},"end":{"line":11,"column":61}},"5":{"start":{"line":14,"column":8},"end":{"line":19,"column":10}},"6":{"start":{"line":15,"column":12},"end":{"line":18,"column":15}},"7":{"start":{"line":21,"column":8},"end":{"line":38,"column":10}},"8":{"start":{"line":22,"column":12},"end":{"line":37,"column":13}},"9":{"start":{"line":23,"column":16},"end":{"line":29,"column":7}},"10":{"start":{"line":30,"column":16},"end":{"line":33,"column":19}},"11":{"start":{"line":36,"column":16},"end":{"line":36,"column":26}},"12":{"start":{"line":40,"column":8},"end":{"line":53,"column":10}},"13":{"start":{"line":41,"column":12},"end":{"line":47,"column":5}},"14":{"start":{"line":48,"column":12},"end":{"line":52,"column":15}},"15":{"start":{"line":54,"column":8},"end":{"line":54,"column":46}},"16":{"start":{"line":57,"column":0},"end":{"line":57,"column":34}}},"fnMap":{"0":{"name":"(anonymous_0)","decl":{"start":{"line":2,"column":56},"end":{"line":2,"column":57}},"loc":{"start":{"line":2,"column":71},"end":{"line":4,"column":1}},"line":2},"1":{"name":"(anonymous_1)","decl":{"start":{"line":13,"column":4},"end":{"line":13,"column":5}},"loc":{"start":{"line":13,"column":18},"end":{"line":55,"column":5}},"line":13},"2":{"name":"(anonymous_2)","decl":{"start":{"line":14,"column":24},"end":{"line":14,"column":25}},"loc":{"start":{"line":14,"column":38},"end":{"line":19,"column":9}},"line":14},"3":{"name":"(anonymous_3)","decl":{"start":{"line":21,"column":31},"end":{"line":21,"column":32}},"loc":{"start":{"line":21,"column":56},"end":{"line":38,"column":9}},"line":21},"4":{"name":"(anonymous_4)","decl":{"start":{"line":40,"column":35},"end":{"line":40,"column":36}},"loc":{"start":{"line":40,"column":60},"end":{"line":53,"column":9}},"line":40}},"branchMap":{"0":{"loc":{"start":{"line":2,"column":22},"end":{"line":4,"column":1}},"type":"binary-expr","locations":[{"start":{"line":2,"column":23},"end":{"line":2,"column":27}},{"start":{"line":2,"column":31},"end":{"line":2,"column":51}},{"start":{"line":2,"column":56},"end":{"line":4,"column":1}}],"line":2},"1":{"loc":{"start":{"line":3,"column":11},"end":{"line":3,"column":61}},"type":"cond-expr","locations":[{"start":{"line":3,"column":37},"end":{"line":3,"column":40}},{"start":{"line":3,"column":43},"end":{"line":3,"column":61}}],"line":3},"2":{"loc":{"start":{"line":3,"column":12},"end":{"line":3,"column":33}},"type":"binary-expr","locations":[{"start":{"line":3,"column":12},"end":{"line":3,"column":15}},{"start":{"line":3,"column":19},"end":{"line":3,"column":33}}],"line":3},"3":{"loc":{"start":{"line":22,"column":12},"end":{"line":37,"column":13}},"type":"if","locations":[{"start":{"line":22,"column":12},"end":{"line":37,"column":13}},{"start":{"line":22,"column":12},"end":{"line":37,"column":13}}],"line":22},"4":{"loc":{"start":{"line":22,"column":16},"end":{"line":22,"column":56}},"type":"binary-expr","locations":[{"start":{"line":22,"column":16},"end":{"line":22,"column":24}},{"start":{"line":22,"column":28},"end":{"line":22,"column":56}}],"line":22}},"s":{"0":1,"1":2,"2":1,"3":1,"4":1,"5":1,"6":0,"7":1,"8":0,"9":0,"10":0,"11":0,"12":1,"13":0,"14":0,"15":1,"16":1},"f":{"0":2,"1":1,"2":0,"3":0,"4":0},"b":{"0":[1,1,1],"1":[2,0],"2":[2,2],"3":[0,0],"4":[0,0]},"inputSourceMap":{"version":3,"file":"C:/Users/Vishal/Documents/BridgeLabz/fundooNotes/fundooNotes/src/middlewares/error.middleware.ts","sources":["C:/Users/Vishal/Documents/BridgeLabz/fundooNotes/fundooNotes/src/middlewares/error.middleware.ts"],"names":[],"mappings":";;;;;AAAA,sEAAsE;AACtE,uDAAuD;AACvD,mCAAmC;AACnC,sDAAsD;AACtD,0EAA2C;AAC3C,8DAAsC;AAGtC,MAAM,eAAe;IAGnB;QAIO,aAAQ,GAAG,CAAC,GAAY,EAAE,GAAa,EAAQ,EAAE;YACtD,GAAG,CAAC,MAAM,CAAC,2BAAU,CAAC,SAAS,CAAC,CAAC,IAAI,CAAC;gBACpC,IAAI,EAAE,2BAAU,CAAC,SAAS;gBAC1B,OAAO,EAAE,wBAAwB;aAClC,CAAC,CAAC;QACL,CAAC,CAAC;QAEF,0CAA0C;QACnC,oBAAe,GAAG,CACvB,GAAQ,EACR,GAAY,EACZ,GAAa,EACb,IAAkB,EACZ,EAAE;YACR,IAAI,GAAG,CAAC,IAAI,IAAI,OAAO,GAAG,CAAC,IAAI,KAAK,QAAQ,EAAE,CAAC;gBAC7C,IAAI,CAAC,MAAM,CAAC,KAAK,CAAC;iBACP,GAAG,CAAC,IAAI;kBACP,GAAG,CAAC,OAAO;cACf,GAAG,CAAC,WAAW;iBACZ,GAAG,CAAC,MAAM;aACd,GAAG,CAAC,EAAE;KACd,CAAC,CAAC;gBACD,GAAG,CAAC,MAAM,CAAC,GAAG,CAAC,IAAI,CAAC,CAAC,IAAI,CAAC;oBACxB,IAAI,EAAE,GAAG,CAAC,IAAI;oBACd,OAAO,EAAE,GAAG,CAAC,OAAO;iBACrB,CAAC,CAAC;YACL,CAAC;iBAAM,CAAC;gBACN,IAAI,CAAC,GAAG,CAAC,CAAC;YACZ,CAAC;QACH,CAAC,CAAC;QAEF,0CAA0C;QACnC,wBAAmB,GAAG,CAC3B,GAAQ,EACR,GAAY,EACZ,GAAa,EACb,IAAkB,EACZ,EAAE;YACR,IAAI,CAAC,MAAM,CAAC,KAAK,CAAC;eACP,2BAAU,CAAC,qBAAqB;gBAC/B,GAAG,CAAC,KAAK;YACb,GAAG,CAAC,WAAW;eACZ,GAAG,CAAC,MAAM;WACd,GAAG,CAAC,EAAE;GACd,CAAC,CAAC;YAED,GAAG,CAAC,MAAM,CAAC,2BAAU,CAAC,qBAAqB,CAAC,CAAC,IAAI,CAAC;gBAChD,IAAI,EAAE,2BAAU,CAAC,qBAAqB;gBACtC,IAAI,EAAE,EAAE;gBACR,OAAO,EAAE,GAAG,CAAC,OAAO;aACrB,CAAC,CAAC;QACL,CAAC,CAAC;QAtDA,IAAI,CAAC,MAAM,GAAG,gBAAM,CAAC,MAAM,CAAC;IAC9B,CAAC;CAsDF;AAED,kBAAe,eAAe,CAAC","sourcesContent":["/* eslint-disable @typescript-eslint/explicit-module-boundary-types */\n/* eslint-disable @typescript-eslint/no-explicit-any */\n/* eslint-disable no-unused-vars */\n/* eslint-disable @typescript-eslint/no-unused-vars */\nimport HttpStatus from 'http-status-codes';\nimport Logger from '../config/logger';\nimport { Request, Response, NextFunction } from 'express';\n\nclass ErrorMiddleware {\n  private logger;\n\n  constructor() {\n    this.logger = Logger.logger;\n  }\n\n  public notFound = (req: Request, res: Response): void => {\n    res.status(HttpStatus.NOT_FOUND).json({\n      code: HttpStatus.NOT_FOUND,\n      message: 'Ooops, route not found'\n    });\n  };\n\n  // eslint-disable-next-line no-unused-vars\n  public appErrorHandler = (\n    err: any,\n    req: Request,\n    res: Response,\n    next: NextFunction\n  ): void => {\n    if (err.code && typeof err.code === 'number') {\n      this.logger.error(`\n      status - ${err.code}\n      message - ${err.message} \n      url - ${req.originalUrl} \n      method - ${req.method} \n      IP - ${req.ip}\n    `);\n      res.status(err.code).json({\n        code: err.code,\n        message: err.message\n      });\n    } else {\n      next(err);\n    }\n  };\n\n  // eslint-disable-next-line no-unused-vars\n  public genericErrorHandler = (\n    err: any,\n    req: Request,\n    res: Response,\n    next: NextFunction\n  ): void => {\n    this.logger.error(`\n    status - ${HttpStatus.INTERNAL_SERVER_ERROR} \n    message - ${err.stack} \n    url - ${req.originalUrl} \n    method - ${req.method} \n    IP - ${req.ip}\n  `);\n\n    res.status(HttpStatus.INTERNAL_SERVER_ERROR).json({\n      code: HttpStatus.INTERNAL_SERVER_ERROR,\n      data: '',\n      message: err.message\n    });\n  };\n}\n\nexport default ErrorMiddleware;\n"]},"_coverageSchema":"1a1c01bbd47fc00a2c39e90264f33305004495a9","hash":"661d88f91f45eb294f976b5ca01c2f4935be3f3b","contentHash":"8e44f71c483269a953bc5006750d59f9b4e41c823705d13bea5b7953872bfba6"}}