TN:
SF:src\index.ts
FN:24,(anonymous_1)
FN:36,(anonymous_2)
FN:44,(anonymous_3)
FN:52,(anonymous_4)
FN:58,(anonymous_5)
FN:59,(anonymous_6)
FN:67,(anonymous_7)
FNF:7
FNH:7
FNDA:1,(anonymous_1)
FNDA:1,(anonymous_2)
FNDA:1,(anonymous_3)
FNDA:1,(anonymous_4)
FNDA:1,(anonymous_5)
FNDA:1,(anonymous_6)
FNDA:16,(anonymous_7)
DA:1,1
DA:2,1
DA:3,1
DA:4,1
DA:5,1
DA:6,1
DA:7,1
DA:8,1
DA:9,1
DA:10,1
DA:12,1
DA:20,1
DA:21,1
DA:22,1
DA:25,1
DA:26,1
DA:27,1
DA:28,1
DA:30,1
DA:31,1
DA:32,1
DA:33,1
DA:37,1
DA:38,1
DA:39,1
DA:40,1
DA:41,1
DA:45,1
DA:49,1
DA:53,1
DA:54,1
DA:55,1
DA:59,1
DA:60,1
DA:68,16
DA:72,1
DA:74,1
LF:37
LH:37
BRF:0
BRH:0
end_of_record
TN:
SF:src\config\config.js
FNF:0
FNH:0
DA:1,1
DA:3,1
LF:2
LH:2
BRF:0
BRH:0
end_of_record
TN:
SF:src\config\database.ts
FN:5,(anonymous_1)
FN:37,(anonymous_2)
FN:40,(anonymous_3)
FNF:3
FNH:2
FNDA:17,(anonymous_1)
FNDA:1,(anonymous_2)
FNDA:0,(anonymous_3)
DA:1,1
DA:2,1
DA:3,1
DA:4,1
DA:5,18
DA:7,1
DA:9,1
DA:10,1
DA:11,1
DA:12,1
DA:13,1
DA:15,1
DA:16,1
DA:17,1
DA:18,1
DA:19,1
DA:20,1
DA:23,1
DA:35,1
DA:38,1
DA:41,0
DA:44,1
DA:46,1
LF:23
LH:22
BRDA:15,0,0,1
BRDA:15,0,1,0
BRF:2
BRH:1
end_of_record
TN:
SF:src\config\logger.ts
FN:41,(anonymous_6)
FNF:1
FNH:1
FNDA:16,(anonymous_6)
DA:1,1
DA:2,1
DA:8,1
DA:35,1
DA:45,16
DA:66,16
DA:71,1
LF:7
LH:7
BRF:0
BRH:0
end_of_record
TN:
SF:src\controllers\notes.controller.ts
FN:7,(anonymous_8)
FN:11,(anonymous_9)
FN:15,(anonymous_10)
FN:32,(anonymous_11)
FN:36,(anonymous_12)
FN:50,(anonymous_13)
FN:54,(anonymous_14)
FN:71,(anonymous_15)
FN:75,(anonymous_16)
FN:97,(anonymous_17)
FN:101,(anonymous_18)
FN:118,(anonymous_19)
FN:122,(anonymous_20)
FN:139,(anonymous_21)
FN:143,(anonymous_22)
FNF:15
FNH:15
FNDA:1,(anonymous_8)
FNDA:1,(anonymous_9)
FNDA:1,(anonymous_10)
FNDA:1,(anonymous_11)
FNDA:1,(anonymous_12)
FNDA:1,(anonymous_13)
FNDA:1,(anonymous_14)
FNDA:1,(anonymous_15)
FNDA:1,(anonymous_16)
FNDA:1,(anonymous_17)
FNDA:1,(anonymous_18)
FNDA:1,(anonymous_19)
FNDA:1,(anonymous_20)
FNDA:1,(anonymous_21)
FNDA:1,(anonymous_22)
DA:2,1
DA:3,1
DA:8,1
DA:11,1
DA:15,1
DA:16,1
DA:17,1
DA:21,1
DA:27,0
DA:32,1
DA:36,1
DA:37,1
DA:38,1
DA:39,1
DA:45,0
DA:50,1
DA:54,1
DA:55,1
DA:56,1
DA:60,1
DA:66,0
DA:71,1
DA:75,1
DA:76,1
DA:77,1
DA:82,1
DA:83,1
DA:89,0
DA:92,0
DA:97,1
DA:101,1
DA:102,1
DA:103,1
DA:107,1
DA:113,0
DA:118,1
DA:122,1
DA:123,1
DA:124,1
DA:128,1
DA:134,0
DA:139,1
DA:143,1
DA:144,1
DA:145,1
DA:149,1
DA:155,0
DA:160,1
LF:48
LH:40
BRDA:82,0,0,1
BRDA:82,0,1,0
BRF:2
BRH:1
end_of_record
TN:
SF:src\controllers\user.controller.ts
FN:7,(anonymous_8)
FN:11,(anonymous_9)
FN:15,(anonymous_10)
FN:29,(anonymous_11)
FN:33,(anonymous_12)
FN:52,(anonymous_13)
FN:56,(anonymous_14)
FN:70,(anonymous_15)
FN:74,(anonymous_16)
FN:88,(anonymous_17)
FN:92,(anonymous_18)
FN:106,(anonymous_19)
FN:110,(anonymous_20)
FN:125,(anonymous_21)
FN:129,(anonymous_22)
FN:144,(anonymous_23)
FN:148,(anonymous_24)
FN:163,(anonymous_25)
FN:167,(anonymous_26)
FNF:19
FNH:15
FNDA:1,(anonymous_8)
FNDA:2,(anonymous_9)
FNDA:2,(anonymous_10)
FNDA:2,(anonymous_11)
FNDA:2,(anonymous_12)
FNDA:1,(anonymous_13)
FNDA:1,(anonymous_14)
FNDA:0,(anonymous_15)
FNDA:0,(anonymous_16)
FNDA:1,(anonymous_17)
FNDA:1,(anonymous_18)
FNDA:0,(anonymous_19)
FNDA:0,(anonymous_20)
FNDA:1,(anonymous_21)
FNDA:1,(anonymous_22)
FNDA:1,(anonymous_23)
FNDA:1,(anonymous_24)
FNDA:1,(anonymous_25)
FNDA:1,(anonymous_26)
DA:2,1
DA:3,1
DA:8,1
DA:11,1
DA:15,2
DA:16,2
DA:17,2
DA:18,2
DA:24,0
DA:29,1
DA:33,2
DA:34,2
DA:35,2
DA:40,2
DA:47,0
DA:52,1
DA:56,1
DA:57,1
DA:58,1
DA:59,1
DA:65,0
DA:70,1
DA:74,0
DA:75,0
DA:76,0
DA:77,0
DA:83,0
DA:88,1
DA:92,1
DA:93,1
DA:94,1
DA:95,1
DA:101,0
DA:106,1
DA:110,0
DA:111,0
DA:112,0
DA:113,0
DA:119,0
DA:125,1
DA:129,1
DA:130,1
DA:131,1
DA:132,1
DA:138,0
DA:144,1
DA:148,1
DA:149,1
DA:150,1
DA:151,1
DA:158,0
DA:163,1
DA:167,1
DA:168,1
DA:169,1
DA:170,1
DA:176,0
DA:181,1
LF:58
LH:41
BRF:0
BRH:0
end_of_record
TN:
SF:src\middlewares\auth.middleware.ts
FN:12,(anonymous_8)
FN:16,(anonymous_9)
FN:43,(anonymous_10)
FN:47,(anonymous_11)
FNF:4
FNH:4
FNDA:10,(anonymous_8)
FNDA:10,(anonymous_9)
FNDA:1,(anonymous_10)
FNDA:1,(anonymous_11)
DA:2,1
DA:3,1
DA:7,1
DA:9,1
DA:10,1
DA:12,1
DA:16,10
DA:17,10
DA:18,10
DA:19,10
DA:20,0
DA:24,10
DA:25,10
DA:28,10
DA:30,10
DA:31,10
DA:33,10
DA:36,10
DA:38,0
DA:43,1
DA:47,1
DA:48,1
DA:49,1
DA:50,1
DA:51,0
DA:55,1
DA:56,1
DA:57,1
DA:59,1
DA:61,0
LF:30
LH:26
BRDA:19,0,0,0
BRDA:19,0,1,10
BRDA:50,1,0,0
BRDA:50,1,1,1
BRF:4
BRH:2
end_of_record
TN:
SF:src\middlewares\error.middleware.ts
FN:12,(anonymous_1)
FN:16,(anonymous_2)
FN:24,(anonymous_3)
FN:48,(anonymous_4)
FNF:4
FNH:1
FNDA:1,(anonymous_1)
FNDA:0,(anonymous_2)
FNDA:0,(anonymous_3)
FNDA:0,(anonymous_4)
DA:5,1
DA:6,1
DA:13,1
DA:16,1
DA:17,0
DA:24,1
DA:30,0
DA:31,0
DA:38,0
DA:43,0
DA:48,1
DA:54,0
DA:62,0
DA:70,1
LF:14
LH:7
BRDA:30,0,0,0
BRDA:30,0,1,0
BRDA:30,1,0,0
BRDA:30,1,1,0
BRF:4
BRH:0
end_of_record
TN:
SF:src\models\notes.ts
FN:8,(anonymous_0)
FN:21,(anonymous_1)
FNF:2
FNH:1
FNDA:8,(anonymous_0)
FNDA:0,(anonymous_1)
DA:4,1
DA:8,1
DA:25,8
DA:59,8
LF:4
LH:4
BRF:0
BRH:0
end_of_record
TN:
SF:src\models\user.ts
FN:8,(anonymous_8)
FN:23,(anonymous_9)
FN:71,(anonymous_10)
FN:71,(anonymous_11)
FNF:4
FNH:3
FNDA:9,(anonymous_8)
FNDA:0,(anonymous_9)
FNDA:3,(anonymous_10)
FNDA:3,(anonymous_11)
DA:4,1
DA:6,1
DA:7,1
DA:8,1
DA:27,9
DA:71,3
DA:72,3
DA:73,3
DA:79,9
LF:9
LH:9
BRDA:72,0,0,3
BRDA:72,0,1,0
BRF:2
BRH:1
end_of_record
TN:
SF:src\routes\index.ts
FN:12,(anonymous_1)
FN:13,(anonymous_2)
FNF:2
FNH:1
FNDA:1,(anonymous_1)
FNDA:0,(anonymous_2)
DA:1,1
DA:2,1
DA:3,1
DA:4,1
DA:12,1
DA:13,1
DA:14,0
DA:16,1
DA:17,1
DA:19,1
DA:22,1
LF:11
LH:10
BRF:0
BRH:0
end_of_record
TN:
SF:src\routes\notes.route.ts
FN:12,(anonymous_1)
FN:16,(anonymous_2)
FN:41,(anonymous_3)
FNF:3
FNH:3
FNDA:1,(anonymous_1)
FNDA:1,(anonymous_2)
FNDA:1,(anonymous_3)
DA:1,1
DA:2,1
DA:4,1
DA:5,1
DA:8,1
DA:9,1
DA:10,1
DA:13,1
DA:16,1
DA:19,1
DA:22,1
DA:25,1
DA:28,1
DA:31,1
DA:34,1
DA:37,1
DA:41,1
DA:42,1
DA:46,1
LF:19
LH:19
BRF:0
BRH:0
end_of_record
TN:
SF:src\routes\user.route.ts
FN:11,(anonymous_1)
FN:15,(anonymous_2)
FN:45,(anonymous_3)
FNF:3
FNH:3
FNDA:1,(anonymous_1)
FNDA:1,(anonymous_2)
FNDA:1,(anonymous_3)
DA:1,1
DA:2,1
DA:3,1
DA:4,1
DA:7,1
DA:8,1
DA:9,1
DA:12,1
DA:15,1
DA:18,1
DA:21,1
DA:24,1
DA:27,1
DA:30,1
DA:33,1
DA:36,1
DA:39,1
DA:42,1
DA:45,1
DA:46,1
DA:50,1
LF:21
LH:21
BRF:0
BRH:0
end_of_record
TN:
SF:src\services\notes.service.ts
FN:11,(anonymous_14)
FN:15,(anonymous_15)
FN:15,(anonymous_16)
FN:26,(anonymous_17)
FN:26,(anonymous_18)
FN:32,(anonymous_19)
FN:32,(anonymous_20)
FN:40,(anonymous_21)
FN:40,(anonymous_22)
FN:52,(anonymous_23)
FN:52,(anonymous_24)
FN:68,(anonymous_25)
FN:68,(anonymous_26)
FN:84,(anonymous_27)
FN:84,(anonymous_28)
FNF:15
FNH:15
FNDA:8,(anonymous_14)
FNDA:2,(anonymous_15)
FNDA:2,(anonymous_16)
FNDA:2,(anonymous_17)
FNDA:2,(anonymous_18)
FNDA:2,(anonymous_19)
FNDA:2,(anonymous_20)
FNDA:2,(anonymous_21)
FNDA:2,(anonymous_22)
FNDA:2,(anonymous_23)
FNDA:2,(anonymous_24)
FNDA:2,(anonymous_25)
FNDA:2,(anonymous_26)
FNDA:2,(anonymous_27)
FNDA:2,(anonymous_28)
DA:1,1
DA:4,1
DA:9,1
DA:12,8
DA:15,8
DA:16,2
DA:17,2
DA:18,2
DA:19,2
DA:21,0
DA:26,8
DA:27,2
DA:28,2
DA:32,8
DA:33,2
DA:36,2
DA:40,8
DA:41,2
DA:42,2
DA:46,0
DA:48,2
DA:52,8
DA:53,2
DA:54,2
DA:57,2
DA:58,2
DA:59,2
DA:61,2
DA:63,0
DA:68,8
DA:69,2
DA:70,2
DA:73,2
DA:74,2
DA:75,2
DA:77,2
DA:79,0
DA:84,8
DA:85,2
DA:88,2
DA:92,1
LF:41
LH:37
BRDA:57,0,0,2
BRDA:57,0,1,0
BRDA:73,1,0,2
BRDA:73,1,1,0
BRF:4
BRH:2
end_of_record
TN:
SF:src\services\user.service.ts
FN:13,(anonymous_14)
FN:18,(anonymous_15)
FN:18,(anonymous_16)
FN:30,(anonymous_17)
FN:30,(anonymous_18)
FN:53,(anonymous_19)
FN:53,(anonymous_20)
FN:59,(anonymous_21)
FN:59,(anonymous_22)
FN:65,(anonymous_23)
FN:65,(anonymous_24)
FN:77,(anonymous_25)
FN:77,(anonymous_26)
FN:87,(anonymous_27)
FN:87,(anonymous_28)
FN:93,(anonymous_29)
FN:93,(anonymous_30)
FN:113,(anonymous_31)
FN:113,(anonymous_32)
FNF:19
FNH:17
FNDA:9,(anonymous_14)
FNDA:3,(anonymous_15)
FNDA:3,(anonymous_16)
FNDA:3,(anonymous_17)
FNDA:3,(anonymous_18)
FNDA:2,(anonymous_19)
FNDA:2,(anonymous_20)
FNDA:0,(anonymous_21)
FNDA:0,(anonymous_22)
FNDA:2,(anonymous_23)
FNDA:2,(anonymous_24)
FNDA:2,(anonymous_25)
FNDA:2,(anonymous_26)
FNDA:1,(anonymous_27)
FNDA:1,(anonymous_28)
FNDA:2,(anonymous_29)
FNDA:2,(anonymous_30)
FNDA:2,(anonymous_31)
FNDA:2,(anonymous_32)
DA:1,1
DA:3,1
DA:4,1
DA:8,1
DA:10,1
DA:11,1
DA:14,9
DA:15,9
DA:18,9
DA:19,3
DA:22,3
DA:23,3
DA:25,0
DA:30,9
DA:31,3
DA:32,3
DA:33,3
DA:38,3
DA:39,2
DA:41,1
DA:42,1
DA:44,2
DA:45,2
DA:46,2
DA:48,0
DA:53,9
DA:54,2
DA:55,2
DA:59,9
DA:60,0
DA:61,0
DA:65,9
DA:66,2
DA:67,2
DA:68,2
DA:71,2
DA:77,9
DA:78,2
DA:79,2
DA:80,2
DA:83,2
DA:87,9
DA:88,1
DA:89,1
DA:93,9
DA:94,2
DA:95,2
DA:96,2
DA:101,2
DA:102,2
DA:103,2
DA:105,2
DA:106,2
DA:108,0
DA:113,9
DA:114,2
DA:115,2
DA:116,2
DA:119,2
DA:123,1
LF:60
LH:55
BRDA:38,0,0,2
BRDA:38,0,1,1
BRDA:38,1,0,3
BRDA:38,1,1,2
BRDA:102,2,0,2
BRDA:102,2,1,0
BRF:6
BRH:5
end_of_record
TN:
SF:src\utils\user.util.ts
FN:4,(anonymous_8)
FN:17,(anonymous_9)
FN:17,(anonymous_10)
FN:24,(anonymous_11)
FN:24,(anonymous_12)
FN:5,(anonymous_13)
FN:12,(anonymous_15)
FNF:7
FNH:6
FNDA:10,(anonymous_8)
FNDA:2,(anonymous_9)
FNDA:2,(anonymous_10)
FNDA:1,(anonymous_11)
FNDA:1,(anonymous_12)
FNDA:2,(anonymous_13)
FNDA:0,(anonymous_15)
DA:1,1
DA:2,1
DA:4,1
DA:6,2
DA:9,2
DA:13,0
DA:14,0
DA:17,10
DA:18,2
DA:21,2
DA:24,10
DA:25,1
DA:26,1
LF:13
LH:11
BRF:0
BRH:0
end_of_record
TN:
SF:src\validators\note.validator.ts
FN:4,(anonymous_1)
FN:5,(anonymous_2)
FNF:2
FNH:2
FNDA:1,(anonymous_1)
FNDA:1,(anonymous_2)
DA:1,1
DA:5,1
DA:6,1
DA:15,1
DA:19,1
DA:20,1
DA:21,0
DA:23,1
DA:24,1
DA:25,0
DA:27,1
DA:30,1
LF:12
LH:10
BRDA:20,0,0,0
BRDA:20,0,1,1
BRDA:24,1,0,0
BRDA:24,1,1,1
BRF:4
BRH:2
end_of_record
TN:
SF:src\validators\user.validator.ts
FN:4,(anonymous_1)
FN:5,(anonymous_2)
FN:22,(anonymous_3)
FNF:3
FNH:3
FNDA:1,(anonymous_1)
FNDA:2,(anonymous_2)
FNDA:2,(anonymous_3)
DA:1,1
DA:5,1
DA:6,2
DA:15,2
DA:16,2
DA:17,0
DA:19,2
DA:22,1
DA:23,2
DA:27,2
DA:28,2
DA:29,0
DA:31,2
DA:52,1
LF:14
LH:12
BRDA:16,0,0,0
BRDA:16,0,1,2
BRDA:28,1,0,0
BRDA:28,1,1,2
BRF:4
BRH:2
end_of_record
